2021-06-25 05:48:09 [background-preinit] INFO  o.h.validator.internal.util.Version - HV000001: Hibernate Validator 6.2.0.Final
2021-06-25 05:48:09 [main] INFO  c.app.t2k.config.server.ConfigServer - Starting ConfigServer using Java 11.0.11 on Tanayas-MacBook-Pro.local with PID 87797 (/Users/t0k02w6/Documents/personal/Java/event-driven-microservice/twitter-to-kafka-config-server/target/classes started by t0k02w6 in /Users/t0k02w6/Documents/personal/Java/event-driven-microservice)
2021-06-25 05:48:09 [main] INFO  c.app.t2k.config.server.ConfigServer - No active profile set, falling back to default profiles: default
2021-06-25 05:48:09 [main] INFO  o.s.cloud.context.scope.GenericScope - BeanFactory id=25c36334-0b0f-3174-850e-88d9711aaaf6
2021-06-25 05:48:10 [main] INFO  o.s.b.w.e.tomcat.TomcatWebServer - Tomcat initialized with port(s): 8888 (http)
2021-06-25 05:48:10 [main] INFO  o.a.coyote.http11.Http11NioProtocol - Initializing ProtocolHandler ["http-nio-8888"]
2021-06-25 05:48:10 [main] INFO  o.a.catalina.core.StandardService - Starting service [Tomcat]
2021-06-25 05:48:10 [main] INFO  o.a.catalina.core.StandardEngine - Starting Servlet engine: [Apache Tomcat/9.0.46]
2021-06-25 05:48:10 [main] INFO  o.a.c.c.C.[Tomcat].[localhost].[/] - Initializing Spring embedded WebApplicationContext
2021-06-25 05:48:10 [main] INFO  o.s.b.w.s.c.ServletWebServerApplicationContext - Root WebApplicationContext: initialization completed in 1012 ms
2021-06-25 05:48:10 [main] INFO  o.s.b.a.s.s.UserDetailsServiceAutoConfiguration - 

Using generated security password: 99f786ae-e7f0-47f5-8664-fa9e58dfb7f8

2021-06-25 05:48:10 [main] INFO  o.s.s.web.DefaultSecurityFilterChain - Will secure any request with [org.springframework.security.web.context.request.async.WebAsyncManagerIntegrationFilter@2cc75b25, org.springframework.security.web.context.SecurityContextPersistenceFilter@6615237, org.springframework.security.web.header.HeaderWriterFilter@591f6f83, org.springframework.security.web.csrf.CsrfFilter@2edb2f8b, org.springframework.security.web.authentication.logout.LogoutFilter@b5d9f1e, org.springframework.security.web.authentication.UsernamePasswordAuthenticationFilter@64a1116a, org.springframework.security.web.authentication.ui.DefaultLoginPageGeneratingFilter@350ff014, org.springframework.security.web.authentication.ui.DefaultLogoutPageGeneratingFilter@30036a18, org.springframework.security.web.authentication.www.BasicAuthenticationFilter@37c1cfa, org.springframework.security.web.savedrequest.RequestCacheAwareFilter@4bf4680c, org.springframework.security.web.servletapi.SecurityContextHolderAwareRequestFilter@7b3cbe6e, org.springframework.security.web.authentication.AnonymousAuthenticationFilter@537b3b2e, org.springframework.security.web.session.SessionManagementFilter@55421b8d, org.springframework.security.web.access.ExceptionTranslationFilter@3751acd7, org.springframework.security.web.access.intercept.FilterSecurityInterceptor@30159886]
2021-06-25 05:48:11 [main] DEBUG o.s.c.c.s.s.GitCredentialsProviderFactory - No credentials provider required for URI https://github.com/TanayaKarmakar/twitter-to-kafka-config-repo
2021-06-25 05:48:13 [main] INFO  o.a.coyote.http11.Http11NioProtocol - Starting ProtocolHandler ["http-nio-8888"]
2021-06-25 05:48:13 [main] INFO  o.s.b.w.e.tomcat.TomcatWebServer - Tomcat started on port(s): 8888 (http) with context path ''
2021-06-25 05:48:13 [main] INFO  c.app.t2k.config.server.ConfigServer - Started ConfigServer in 4.212 seconds (JVM running for 4.871)
2021-06-25 06:16:42 [background-preinit] INFO  o.h.validator.internal.util.Version - HV000001: Hibernate Validator 6.2.0.Final
2021-06-25 06:16:42 [main] INFO  c.app.t2k.config.server.ConfigServer - Starting ConfigServer using Java 11.0.11 on Tanayas-MacBook-Pro.local with PID 96532 (/Users/t0k02w6/Documents/personal/Java/event-driven-microservice/twitter-to-kafka-config-server/target/classes started by t0k02w6 in /Users/t0k02w6/Documents/personal/Java/event-driven-microservice)
2021-06-25 06:16:42 [main] INFO  c.app.t2k.config.server.ConfigServer - No active profile set, falling back to default profiles: default
2021-06-25 06:16:43 [main] INFO  o.s.cloud.context.scope.GenericScope - BeanFactory id=25c36334-0b0f-3174-850e-88d9711aaaf6
2021-06-25 06:16:43 [main] INFO  o.s.b.w.e.tomcat.TomcatWebServer - Tomcat initialized with port(s): 8888 (http)
2021-06-25 06:16:43 [main] INFO  o.a.coyote.http11.Http11NioProtocol - Initializing ProtocolHandler ["http-nio-8888"]
2021-06-25 06:16:43 [main] INFO  o.a.catalina.core.StandardService - Starting service [Tomcat]
2021-06-25 06:16:43 [main] INFO  o.a.catalina.core.StandardEngine - Starting Servlet engine: [Apache Tomcat/9.0.46]
2021-06-25 06:16:43 [main] INFO  o.a.c.c.C.[Tomcat].[localhost].[/] - Initializing Spring embedded WebApplicationContext
2021-06-25 06:16:43 [main] INFO  o.s.b.w.s.c.ServletWebServerApplicationContext - Root WebApplicationContext: initialization completed in 1305 ms
2021-06-25 06:16:43 [main] INFO  o.s.b.a.s.s.UserDetailsServiceAutoConfiguration - 

Using generated security password: e7987512-3e45-4122-a843-9754ca795e0c

2021-06-25 06:16:43 [main] INFO  o.s.s.web.DefaultSecurityFilterChain - Will secure any request with [org.springframework.security.web.context.request.async.WebAsyncManagerIntegrationFilter@7f4e5a39, org.springframework.security.web.context.SecurityContextPersistenceFilter@a21c74, org.springframework.security.web.header.HeaderWriterFilter@2edb2f8b, org.springframework.security.web.csrf.CsrfFilter@1b17d8ab, org.springframework.security.web.authentication.logout.LogoutFilter@4e4395c, org.springframework.security.web.authentication.UsernamePasswordAuthenticationFilter@421ead7e, org.springframework.security.web.authentication.ui.DefaultLoginPageGeneratingFilter@1ab53860, org.springframework.security.web.authentication.ui.DefaultLogoutPageGeneratingFilter@33de7f3d, org.springframework.security.web.authentication.www.BasicAuthenticationFilter@38c761e9, org.springframework.security.web.savedrequest.RequestCacheAwareFilter@5fb8dc01, org.springframework.security.web.servletapi.SecurityContextHolderAwareRequestFilter@6cdbe5ec, org.springframework.security.web.authentication.AnonymousAuthenticationFilter@30159886, org.springframework.security.web.session.SessionManagementFilter@21dea711, org.springframework.security.web.access.ExceptionTranslationFilter@7661e474, org.springframework.security.web.access.intercept.FilterSecurityInterceptor@57c69937]
2021-06-25 06:16:44 [main] DEBUG o.s.c.c.s.s.GitCredentialsProviderFactory - No credentials provider required for URI https://github.com/TanayaKarmakar/twitter-to-kafka-config-repo
2021-06-25 06:16:49 [main] INFO  o.a.coyote.http11.Http11NioProtocol - Starting ProtocolHandler ["http-nio-8888"]
2021-06-25 06:16:49 [main] INFO  o.s.b.w.e.tomcat.TomcatWebServer - Tomcat started on port(s): 8888 (http) with context path ''
2021-06-25 06:16:49 [main] INFO  c.app.t2k.config.server.ConfigServer - Started ConfigServer in 7.624 seconds (JVM running for 8.919)
2021-06-25 06:17:42 [http-nio-8888-exec-2] INFO  o.a.c.c.C.[Tomcat].[localhost].[/] - Initializing Spring DispatcherServlet 'dispatcherServlet'
2021-06-25 06:17:42 [http-nio-8888-exec-2] INFO  o.s.web.servlet.DispatcherServlet - Initializing Servlet 'dispatcherServlet'
2021-06-25 06:17:42 [http-nio-8888-exec-2] INFO  o.s.web.servlet.DispatcherServlet - Completed initialization in 1 ms
2021-06-25 06:21:37 [background-preinit] INFO  o.h.validator.internal.util.Version - HV000001: Hibernate Validator 6.2.0.Final
2021-06-25 06:21:37 [main] INFO  c.app.t2k.config.server.ConfigServer - Starting ConfigServer using Java 11.0.11 on Tanayas-MacBook-Pro.local with PID 96967 (/Users/t0k02w6/Documents/personal/Java/event-driven-microservice/twitter-to-kafka-config-server/target/classes started by t0k02w6 in /Users/t0k02w6/Documents/personal/Java/event-driven-microservice)
2021-06-25 06:21:37 [main] INFO  c.app.t2k.config.server.ConfigServer - No active profile set, falling back to default profiles: default
2021-06-25 06:21:38 [main] INFO  o.s.cloud.context.scope.GenericScope - BeanFactory id=25c36334-0b0f-3174-850e-88d9711aaaf6
2021-06-25 06:21:38 [main] INFO  o.s.b.w.e.tomcat.TomcatWebServer - Tomcat initialized with port(s): 8888 (http)
2021-06-25 06:21:38 [main] INFO  o.a.coyote.http11.Http11NioProtocol - Initializing ProtocolHandler ["http-nio-8888"]
2021-06-25 06:21:38 [main] INFO  o.a.catalina.core.StandardService - Starting service [Tomcat]
2021-06-25 06:21:38 [main] INFO  o.a.catalina.core.StandardEngine - Starting Servlet engine: [Apache Tomcat/9.0.46]
2021-06-25 06:21:38 [main] INFO  o.a.c.c.C.[Tomcat].[localhost].[/] - Initializing Spring embedded WebApplicationContext
2021-06-25 06:21:38 [main] INFO  o.s.b.w.s.c.ServletWebServerApplicationContext - Root WebApplicationContext: initialization completed in 998 ms
2021-06-25 06:21:38 [main] INFO  o.s.b.a.s.s.UserDetailsServiceAutoConfiguration - 

Using generated security password: bc2749c5-d22f-4b44-940b-3e8b3ba85510

2021-06-25 06:21:38 [main] INFO  o.s.s.web.DefaultSecurityFilterChain - Will secure any request with [org.springframework.security.web.context.request.async.WebAsyncManagerIntegrationFilter@5f56424d, org.springframework.security.web.context.SecurityContextPersistenceFilter@6c9a3661, org.springframework.security.web.header.HeaderWriterFilter@7b5ac347, org.springframework.security.web.csrf.CsrfFilter@3751acd7, org.springframework.security.web.authentication.logout.LogoutFilter@374c3975, org.springframework.security.web.authentication.UsernamePasswordAuthenticationFilter@1544ded3, org.springframework.security.web.authentication.ui.DefaultLoginPageGeneratingFilter@43c39321, org.springframework.security.web.authentication.ui.DefaultLogoutPageGeneratingFilter@237b2852, org.springframework.security.web.authentication.www.BasicAuthenticationFilter@3ec9f8d, org.springframework.security.web.savedrequest.RequestCacheAwareFilter@1600a8a2, org.springframework.security.web.servletapi.SecurityContextHolderAwareRequestFilter@7b95bdb0, org.springframework.security.web.authentication.AnonymousAuthenticationFilter@448cdb47, org.springframework.security.web.session.SessionManagementFilter@72b2c5ed, org.springframework.security.web.access.ExceptionTranslationFilter@177ede17, org.springframework.security.web.access.intercept.FilterSecurityInterceptor@37c1cfa]
2021-06-25 06:21:39 [main] DEBUG o.s.c.c.s.s.GitCredentialsProviderFactory - No credentials provider required for URI https://github.com/TanayaKarmakar/twitter-to-kafka-config-repo
2021-06-25 06:21:41 [main] INFO  o.a.coyote.http11.Http11NioProtocol - Starting ProtocolHandler ["http-nio-8888"]
2021-06-25 06:21:41 [main] INFO  o.s.b.w.e.tomcat.TomcatWebServer - Tomcat started on port(s): 8888 (http) with context path ''
2021-06-25 06:21:41 [main] INFO  c.app.t2k.config.server.ConfigServer - Started ConfigServer in 4.052 seconds (JVM running for 4.786)
2021-06-25 06:21:45 [http-nio-8888-exec-2] INFO  o.a.c.c.C.[Tomcat].[localhost].[/] - Initializing Spring DispatcherServlet 'dispatcherServlet'
2021-06-25 06:21:45 [http-nio-8888-exec-2] INFO  o.s.web.servlet.DispatcherServlet - Initializing Servlet 'dispatcherServlet'
2021-06-25 06:21:45 [http-nio-8888-exec-2] INFO  o.s.web.servlet.DispatcherServlet - Completed initialization in 1 ms
2021-06-25 06:23:37 [background-preinit] INFO  o.h.validator.internal.util.Version - HV000001: Hibernate Validator 6.2.0.Final
2021-06-25 06:23:37 [main] INFO  c.app.t2k.config.server.ConfigServer - Starting ConfigServer using Java 11.0.11 on Tanayas-MacBook-Pro.local with PID 99132 (/Users/t0k02w6/Documents/personal/Java/event-driven-microservice/twitter-to-kafka-config-server/target/classes started by t0k02w6 in /Users/t0k02w6/Documents/personal/Java/event-driven-microservice)
2021-06-25 06:23:37 [main] INFO  c.app.t2k.config.server.ConfigServer - No active profile set, falling back to default profiles: default
2021-06-25 06:23:38 [main] INFO  o.s.cloud.context.scope.GenericScope - BeanFactory id=94fb8871-c672-3488-841a-cb91d058b6e6
2021-06-25 06:23:38 [main] INFO  o.s.b.w.e.tomcat.TomcatWebServer - Tomcat initialized with port(s): 8888 (http)
2021-06-25 06:23:38 [main] INFO  o.a.coyote.http11.Http11NioProtocol - Initializing ProtocolHandler ["http-nio-8888"]
2021-06-25 06:23:38 [main] INFO  o.a.catalina.core.StandardService - Starting service [Tomcat]
2021-06-25 06:23:38 [main] INFO  o.a.catalina.core.StandardEngine - Starting Servlet engine: [Apache Tomcat/9.0.46]
2021-06-25 06:23:38 [main] INFO  o.a.c.c.C.[Tomcat].[localhost].[/] - Initializing Spring embedded WebApplicationContext
2021-06-25 06:23:38 [main] INFO  o.s.b.w.s.c.ServletWebServerApplicationContext - Root WebApplicationContext: initialization completed in 1046 ms
2021-06-25 06:23:39 [main] DEBUG o.s.c.c.s.s.GitCredentialsProviderFactory - No credentials provider required for URI https://github.com/TanayaKarmakar/twitter-to-kafka-config-repo
2021-06-25 06:23:41 [main] INFO  o.a.coyote.http11.Http11NioProtocol - Starting ProtocolHandler ["http-nio-8888"]
2021-06-25 06:23:41 [main] INFO  o.s.b.w.e.tomcat.TomcatWebServer - Tomcat started on port(s): 8888 (http) with context path ''
2021-06-25 06:23:41 [main] INFO  c.app.t2k.config.server.ConfigServer - Started ConfigServer in 4.542 seconds (JVM running for 5.635)
2021-06-25 06:23:50 [http-nio-8888-exec-2] INFO  o.a.c.c.C.[Tomcat].[localhost].[/] - Initializing Spring DispatcherServlet 'dispatcherServlet'
2021-06-25 06:23:50 [http-nio-8888-exec-2] INFO  o.s.web.servlet.DispatcherServlet - Initializing Servlet 'dispatcherServlet'
2021-06-25 06:23:50 [http-nio-8888-exec-2] INFO  o.s.web.servlet.DispatcherServlet - Completed initialization in 1 ms
2021-06-25 06:23:50 [http-nio-8888-exec-2] WARN  o.s.w.s.m.s.DefaultHandlerExceptionResolver - Resolved [org.springframework.web.HttpRequestMethodNotSupportedException: Request method 'POST' not supported]
2021-06-25 06:23:56 [http-nio-8888-exec-3] DEBUG o.s.c.c.s.s.GitCredentialsProviderFactory - No credentials provider required for URI https://github.com/TanayaKarmakar/twitter-to-kafka-config-repo
2021-06-25 06:24:25 [http-nio-8888-exec-4] DEBUG o.s.c.c.s.s.GitCredentialsProviderFactory - No credentials provider required for URI https://github.com/TanayaKarmakar/twitter-to-kafka-config-repo
2021-06-25 06:24:43 [http-nio-8888-exec-5] DEBUG o.s.c.c.s.s.GitCredentialsProviderFactory - No credentials provider required for URI https://github.com/TanayaKarmakar/twitter-to-kafka-config-repo
2021-06-25 06:26:32 [http-nio-8888-exec-7] DEBUG o.s.c.c.s.s.GitCredentialsProviderFactory - No credentials provider required for URI https://github.com/TanayaKarmakar/twitter-to-kafka-config-repo
2021-06-25 06:28:46 [http-nio-8888-exec-1] DEBUG o.s.c.c.s.s.GitCredentialsProviderFactory - No credentials provider required for URI https://github.com/TanayaKarmakar/twitter-to-kafka-config-repo
2021-06-25 06:29:45 [http-nio-8888-exec-2] DEBUG o.s.c.c.s.s.GitCredentialsProviderFactory - No credentials provider required for URI https://github.com/TanayaKarmakar/twitter-to-kafka-config-repo
2021-06-25 06:29:47 [http-nio-8888-exec-2] WARN  o.s.c.c.s.e.EnvironmentController - Error getting the Environment with name=twitter-to-kafka-config-server profiles=kafka-to-elastic-service label=default includeOrigin=false
org.springframework.cloud.config.server.environment.NoSuchLabelException: No such label: default
	at org.springframework.cloud.config.server.environment.JGitEnvironmentRepository.refresh(JGitEnvironmentRepository.java:285)
	at org.springframework.cloud.config.server.environment.JGitEnvironmentRepository.getLocations(JGitEnvironmentRepository.java:245)
	at org.springframework.cloud.config.server.environment.MultipleJGitEnvironmentRepository.getLocations(MultipleJGitEnvironmentRepository.java:139)
	at org.springframework.cloud.config.server.environment.AbstractScmEnvironmentRepository.findOne(AbstractScmEnvironmentRepository.java:55)
	at org.springframework.cloud.config.server.environment.MultipleJGitEnvironmentRepository.findOne(MultipleJGitEnvironmentRepository.java:173)
	at org.springframework.cloud.config.server.environment.CompositeEnvironmentRepository.findOne(CompositeEnvironmentRepository.java:64)
	at org.springframework.cloud.config.server.environment.EnvironmentEncryptorEnvironmentRepository.findOne(EnvironmentEncryptorEnvironmentRepository.java:61)
	at org.springframework.cloud.config.server.environment.EnvironmentController.getEnvironment(EnvironmentController.java:131)
	at org.springframework.cloud.config.server.environment.EnvironmentController.labelled(EnvironmentController.java:118)
	at java.base/jdk.internal.reflect.NativeMethodAccessorImpl.invoke0(Native Method)
	at java.base/jdk.internal.reflect.NativeMethodAccessorImpl.invoke(NativeMethodAccessorImpl.java:62)
	at java.base/jdk.internal.reflect.DelegatingMethodAccessorImpl.invoke(DelegatingMethodAccessorImpl.java:43)
	at java.base/java.lang.reflect.Method.invoke(Method.java:566)
	at org.springframework.util.ReflectionUtils.invokeMethod(ReflectionUtils.java:282)
	at org.springframework.cloud.context.scope.GenericScope$LockedScopedProxyFactoryBean.invoke(GenericScope.java:485)
	at org.springframework.aop.framework.ReflectiveMethodInvocation.proceed(ReflectiveMethodInvocation.java:186)
	at org.springframework.aop.framework.CglibAopProxy$CglibMethodInvocation.proceed(CglibAopProxy.java:750)
	at org.springframework.aop.framework.CglibAopProxy$DynamicAdvisedInterceptor.intercept(CglibAopProxy.java:692)
	at org.springframework.cloud.config.server.environment.EnvironmentController$$EnhancerBySpringCGLIB$$466f73e3.labelled(<generated>)
	at java.base/jdk.internal.reflect.NativeMethodAccessorImpl.invoke0(Native Method)
	at java.base/jdk.internal.reflect.NativeMethodAccessorImpl.invoke(NativeMethodAccessorImpl.java:62)
	at java.base/jdk.internal.reflect.DelegatingMethodAccessorImpl.invoke(DelegatingMethodAccessorImpl.java:43)
	at java.base/java.lang.reflect.Method.invoke(Method.java:566)
	at org.springframework.web.method.support.InvocableHandlerMethod.doInvoke(InvocableHandlerMethod.java:197)
	at org.springframework.web.method.support.InvocableHandlerMethod.invokeForRequest(InvocableHandlerMethod.java:141)
	at org.springframework.web.servlet.mvc.method.annotation.ServletInvocableHandlerMethod.invokeAndHandle(ServletInvocableHandlerMethod.java:106)
	at org.springframework.web.servlet.mvc.method.annotation.RequestMappingHandlerAdapter.invokeHandlerMethod(RequestMappingHandlerAdapter.java:894)
	at org.springframework.web.servlet.mvc.method.annotation.RequestMappingHandlerAdapter.handleInternal(RequestMappingHandlerAdapter.java:808)
	at org.springframework.web.servlet.mvc.method.AbstractHandlerMethodAdapter.handle(AbstractHandlerMethodAdapter.java:87)
	at org.springframework.web.servlet.DispatcherServlet.doDispatch(DispatcherServlet.java:1063)
	at org.springframework.web.servlet.DispatcherServlet.doService(DispatcherServlet.java:963)
	at org.springframework.web.servlet.FrameworkServlet.processRequest(FrameworkServlet.java:1006)
	at org.springframework.web.servlet.FrameworkServlet.doGet(FrameworkServlet.java:898)
	at javax.servlet.http.HttpServlet.service(HttpServlet.java:626)
	at org.springframework.web.servlet.FrameworkServlet.service(FrameworkServlet.java:883)
	at javax.servlet.http.HttpServlet.service(HttpServlet.java:733)
	at org.apache.catalina.core.ApplicationFilterChain.internalDoFilter(ApplicationFilterChain.java:227)
	at org.apache.catalina.core.ApplicationFilterChain.doFilter(ApplicationFilterChain.java:162)
	at org.apache.tomcat.websocket.server.WsFilter.doFilter(WsFilter.java:53)
	at org.apache.catalina.core.ApplicationFilterChain.internalDoFilter(ApplicationFilterChain.java:189)
	at org.apache.catalina.core.ApplicationFilterChain.doFilter(ApplicationFilterChain.java:162)
	at org.springframework.web.filter.RequestContextFilter.doFilterInternal(RequestContextFilter.java:100)
	at org.springframework.web.filter.OncePerRequestFilter.doFilter(OncePerRequestFilter.java:119)
	at org.apache.catalina.core.ApplicationFilterChain.internalDoFilter(ApplicationFilterChain.java:189)
	at org.apache.catalina.core.ApplicationFilterChain.doFilter(ApplicationFilterChain.java:162)
	at org.springframework.web.filter.FormContentFilter.doFilterInternal(FormContentFilter.java:93)
	at org.springframework.web.filter.OncePerRequestFilter.doFilter(OncePerRequestFilter.java:119)
	at org.apache.catalina.core.ApplicationFilterChain.internalDoFilter(ApplicationFilterChain.java:189)
	at org.apache.catalina.core.ApplicationFilterChain.doFilter(ApplicationFilterChain.java:162)
	at org.springframework.web.filter.CharacterEncodingFilter.doFilterInternal(CharacterEncodingFilter.java:201)
	at org.springframework.web.filter.OncePerRequestFilter.doFilter(OncePerRequestFilter.java:119)
	at org.apache.catalina.core.ApplicationFilterChain.internalDoFilter(ApplicationFilterChain.java:189)
	at org.apache.catalina.core.ApplicationFilterChain.doFilter(ApplicationFilterChain.java:162)
	at org.apache.catalina.core.StandardWrapperValve.invoke(StandardWrapperValve.java:202)
	at org.apache.catalina.core.StandardContextValve.invoke(StandardContextValve.java:97)
	at org.apache.catalina.authenticator.AuthenticatorBase.invoke(AuthenticatorBase.java:542)
	at org.apache.catalina.core.StandardHostValve.invoke(StandardHostValve.java:143)
	at org.apache.catalina.valves.ErrorReportValve.invoke(ErrorReportValve.java:92)
	at org.apache.catalina.core.StandardEngineValve.invoke(StandardEngineValve.java:78)
	at org.apache.catalina.connector.CoyoteAdapter.service(CoyoteAdapter.java:357)
	at org.apache.coyote.http11.Http11Processor.service(Http11Processor.java:374)
	at org.apache.coyote.AbstractProcessorLight.process(AbstractProcessorLight.java:65)
	at org.apache.coyote.AbstractProtocol$ConnectionHandler.process(AbstractProtocol.java:893)
	at org.apache.tomcat.util.net.NioEndpoint$SocketProcessor.doRun(NioEndpoint.java:1707)
	at org.apache.tomcat.util.net.SocketProcessorBase.run(SocketProcessorBase.java:49)
	at java.base/java.util.concurrent.ThreadPoolExecutor.runWorker(ThreadPoolExecutor.java:1128)
	at java.base/java.util.concurrent.ThreadPoolExecutor$Worker.run(ThreadPoolExecutor.java:628)
	at org.apache.tomcat.util.threads.TaskThread$WrappingRunnable.run(TaskThread.java:61)
	at java.base/java.lang.Thread.run(Thread.java:829)
Caused by: org.eclipse.jgit.api.errors.RefNotFoundException: Ref default cannot be resolved
	at org.eclipse.jgit.api.CheckoutCommand.call(CheckoutCommand.java:254)
	at org.springframework.cloud.config.server.environment.JGitEnvironmentRepository.checkout(JGitEnvironmentRepository.java:422)
	at org.springframework.cloud.config.server.environment.JGitEnvironmentRepository.refresh(JGitEnvironmentRepository.java:278)
	... 68 common frames omitted
2021-06-25 06:29:57 [http-nio-8888-exec-3] DEBUG o.s.c.c.s.s.GitCredentialsProviderFactory - No credentials provider required for URI https://github.com/TanayaKarmakar/twitter-to-kafka-config-repo
2021-06-25 06:29:58 [http-nio-8888-exec-3] WARN  o.s.c.c.s.e.EnvironmentController - Error getting the Environment with name=twitter-to-kafka-config-server profiles=kafka-to-elastic-service label=kafka_to_elastic includeOrigin=false
org.springframework.cloud.config.server.environment.NoSuchLabelException: No such label: kafka_to_elastic
	at org.springframework.cloud.config.server.environment.JGitEnvironmentRepository.refresh(JGitEnvironmentRepository.java:285)
	at org.springframework.cloud.config.server.environment.JGitEnvironmentRepository.getLocations(JGitEnvironmentRepository.java:245)
	at org.springframework.cloud.config.server.environment.MultipleJGitEnvironmentRepository.getLocations(MultipleJGitEnvironmentRepository.java:139)
	at org.springframework.cloud.config.server.environment.AbstractScmEnvironmentRepository.findOne(AbstractScmEnvironmentRepository.java:55)
	at org.springframework.cloud.config.server.environment.MultipleJGitEnvironmentRepository.findOne(MultipleJGitEnvironmentRepository.java:173)
	at org.springframework.cloud.config.server.environment.CompositeEnvironmentRepository.findOne(CompositeEnvironmentRepository.java:64)
	at org.springframework.cloud.config.server.environment.EnvironmentEncryptorEnvironmentRepository.findOne(EnvironmentEncryptorEnvironmentRepository.java:61)
	at org.springframework.cloud.config.server.environment.EnvironmentController.getEnvironment(EnvironmentController.java:131)
	at org.springframework.cloud.config.server.environment.EnvironmentController.labelled(EnvironmentController.java:118)
	at java.base/jdk.internal.reflect.NativeMethodAccessorImpl.invoke0(Native Method)
	at java.base/jdk.internal.reflect.NativeMethodAccessorImpl.invoke(NativeMethodAccessorImpl.java:62)
	at java.base/jdk.internal.reflect.DelegatingMethodAccessorImpl.invoke(DelegatingMethodAccessorImpl.java:43)
	at java.base/java.lang.reflect.Method.invoke(Method.java:566)
	at org.springframework.util.ReflectionUtils.invokeMethod(ReflectionUtils.java:282)
	at org.springframework.cloud.context.scope.GenericScope$LockedScopedProxyFactoryBean.invoke(GenericScope.java:485)
	at org.springframework.aop.framework.ReflectiveMethodInvocation.proceed(ReflectiveMethodInvocation.java:186)
	at org.springframework.aop.framework.CglibAopProxy$CglibMethodInvocation.proceed(CglibAopProxy.java:750)
	at org.springframework.aop.framework.CglibAopProxy$DynamicAdvisedInterceptor.intercept(CglibAopProxy.java:692)
	at org.springframework.cloud.config.server.environment.EnvironmentController$$EnhancerBySpringCGLIB$$466f73e3.labelled(<generated>)
	at java.base/jdk.internal.reflect.NativeMethodAccessorImpl.invoke0(Native Method)
	at java.base/jdk.internal.reflect.NativeMethodAccessorImpl.invoke(NativeMethodAccessorImpl.java:62)
	at java.base/jdk.internal.reflect.DelegatingMethodAccessorImpl.invoke(DelegatingMethodAccessorImpl.java:43)
	at java.base/java.lang.reflect.Method.invoke(Method.java:566)
	at org.springframework.web.method.support.InvocableHandlerMethod.doInvoke(InvocableHandlerMethod.java:197)
	at org.springframework.web.method.support.InvocableHandlerMethod.invokeForRequest(InvocableHandlerMethod.java:141)
	at org.springframework.web.servlet.mvc.method.annotation.ServletInvocableHandlerMethod.invokeAndHandle(ServletInvocableHandlerMethod.java:106)
	at org.springframework.web.servlet.mvc.method.annotation.RequestMappingHandlerAdapter.invokeHandlerMethod(RequestMappingHandlerAdapter.java:894)
	at org.springframework.web.servlet.mvc.method.annotation.RequestMappingHandlerAdapter.handleInternal(RequestMappingHandlerAdapter.java:808)
	at org.springframework.web.servlet.mvc.method.AbstractHandlerMethodAdapter.handle(AbstractHandlerMethodAdapter.java:87)
	at org.springframework.web.servlet.DispatcherServlet.doDispatch(DispatcherServlet.java:1063)
	at org.springframework.web.servlet.DispatcherServlet.doService(DispatcherServlet.java:963)
	at org.springframework.web.servlet.FrameworkServlet.processRequest(FrameworkServlet.java:1006)
	at org.springframework.web.servlet.FrameworkServlet.doGet(FrameworkServlet.java:898)
	at javax.servlet.http.HttpServlet.service(HttpServlet.java:626)
	at org.springframework.web.servlet.FrameworkServlet.service(FrameworkServlet.java:883)
	at javax.servlet.http.HttpServlet.service(HttpServlet.java:733)
	at org.apache.catalina.core.ApplicationFilterChain.internalDoFilter(ApplicationFilterChain.java:227)
	at org.apache.catalina.core.ApplicationFilterChain.doFilter(ApplicationFilterChain.java:162)
	at org.apache.tomcat.websocket.server.WsFilter.doFilter(WsFilter.java:53)
	at org.apache.catalina.core.ApplicationFilterChain.internalDoFilter(ApplicationFilterChain.java:189)
	at org.apache.catalina.core.ApplicationFilterChain.doFilter(ApplicationFilterChain.java:162)
	at org.springframework.web.filter.RequestContextFilter.doFilterInternal(RequestContextFilter.java:100)
	at org.springframework.web.filter.OncePerRequestFilter.doFilter(OncePerRequestFilter.java:119)
	at org.apache.catalina.core.ApplicationFilterChain.internalDoFilter(ApplicationFilterChain.java:189)
	at org.apache.catalina.core.ApplicationFilterChain.doFilter(ApplicationFilterChain.java:162)
	at org.springframework.web.filter.FormContentFilter.doFilterInternal(FormContentFilter.java:93)
	at org.springframework.web.filter.OncePerRequestFilter.doFilter(OncePerRequestFilter.java:119)
	at org.apache.catalina.core.ApplicationFilterChain.internalDoFilter(ApplicationFilterChain.java:189)
	at org.apache.catalina.core.ApplicationFilterChain.doFilter(ApplicationFilterChain.java:162)
	at org.springframework.web.filter.CharacterEncodingFilter.doFilterInternal(CharacterEncodingFilter.java:201)
	at org.springframework.web.filter.OncePerRequestFilter.doFilter(OncePerRequestFilter.java:119)
	at org.apache.catalina.core.ApplicationFilterChain.internalDoFilter(ApplicationFilterChain.java:189)
	at org.apache.catalina.core.ApplicationFilterChain.doFilter(ApplicationFilterChain.java:162)
	at org.apache.catalina.core.StandardWrapperValve.invoke(StandardWrapperValve.java:202)
	at org.apache.catalina.core.StandardContextValve.invoke(StandardContextValve.java:97)
	at org.apache.catalina.authenticator.AuthenticatorBase.invoke(AuthenticatorBase.java:542)
	at org.apache.catalina.core.StandardHostValve.invoke(StandardHostValve.java:143)
	at org.apache.catalina.valves.ErrorReportValve.invoke(ErrorReportValve.java:92)
	at org.apache.catalina.core.StandardEngineValve.invoke(StandardEngineValve.java:78)
	at org.apache.catalina.connector.CoyoteAdapter.service(CoyoteAdapter.java:357)
	at org.apache.coyote.http11.Http11Processor.service(Http11Processor.java:374)
	at org.apache.coyote.AbstractProcessorLight.process(AbstractProcessorLight.java:65)
	at org.apache.coyote.AbstractProtocol$ConnectionHandler.process(AbstractProtocol.java:893)
	at org.apache.tomcat.util.net.NioEndpoint$SocketProcessor.doRun(NioEndpoint.java:1707)
	at org.apache.tomcat.util.net.SocketProcessorBase.run(SocketProcessorBase.java:49)
	at java.base/java.util.concurrent.ThreadPoolExecutor.runWorker(ThreadPoolExecutor.java:1128)
	at java.base/java.util.concurrent.ThreadPoolExecutor$Worker.run(ThreadPoolExecutor.java:628)
	at org.apache.tomcat.util.threads.TaskThread$WrappingRunnable.run(TaskThread.java:61)
	at java.base/java.lang.Thread.run(Thread.java:829)
Caused by: org.eclipse.jgit.api.errors.RefNotFoundException: Ref kafka_to_elastic cannot be resolved
	at org.eclipse.jgit.api.CheckoutCommand.call(CheckoutCommand.java:254)
	at org.springframework.cloud.config.server.environment.JGitEnvironmentRepository.checkout(JGitEnvironmentRepository.java:422)
	at org.springframework.cloud.config.server.environment.JGitEnvironmentRepository.refresh(JGitEnvironmentRepository.java:278)
	... 68 common frames omitted
2021-06-25 06:30:04 [http-nio-8888-exec-4] DEBUG o.s.c.c.s.s.GitCredentialsProviderFactory - No credentials provider required for URI https://github.com/TanayaKarmakar/twitter-to-kafka-config-repo
2021-06-25 06:33:41 [http-nio-8888-exec-8] DEBUG o.s.c.c.s.s.GitCredentialsProviderFactory - No credentials provider required for URI https://github.com/TanayaKarmakar/twitter-to-kafka-config-repo
2021-06-25 06:35:39 [background-preinit] INFO  o.h.validator.internal.util.Version - HV000001: Hibernate Validator 6.2.0.Final
2021-06-25 06:35:39 [main] INFO  c.app.t2k.config.server.ConfigServer - Starting ConfigServer using Java 11.0.11 on Tanayas-MacBook-Pro.local with PID 11330 (/Users/t0k02w6/Documents/personal/Java/event-driven-microservice/twitter-to-kafka-config-server/target/classes started by t0k02w6 in /Users/t0k02w6/Documents/personal/Java/event-driven-microservice)
2021-06-25 06:35:39 [main] INFO  c.app.t2k.config.server.ConfigServer - No active profile set, falling back to default profiles: default
2021-06-25 06:35:39 [main] INFO  o.s.cloud.context.scope.GenericScope - BeanFactory id=94fb8871-c672-3488-841a-cb91d058b6e6
2021-06-25 06:35:39 [main] INFO  o.s.b.w.e.tomcat.TomcatWebServer - Tomcat initialized with port(s): 8888 (http)
2021-06-25 06:35:39 [main] INFO  o.a.coyote.http11.Http11NioProtocol - Initializing ProtocolHandler ["http-nio-8888"]
2021-06-25 06:35:39 [main] INFO  o.a.catalina.core.StandardService - Starting service [Tomcat]
2021-06-25 06:35:39 [main] INFO  o.a.catalina.core.StandardEngine - Starting Servlet engine: [Apache Tomcat/9.0.46]
2021-06-25 06:35:40 [main] INFO  o.a.c.c.C.[Tomcat].[localhost].[/] - Initializing Spring embedded WebApplicationContext
2021-06-25 06:35:40 [main] INFO  o.s.b.w.s.c.ServletWebServerApplicationContext - Root WebApplicationContext: initialization completed in 826 ms
2021-06-25 06:35:40 [main] WARN  o.s.b.w.s.c.AnnotationConfigServletWebServerApplicationContext - Exception encountered during context initialization - cancelling refresh attempt: org.springframework.beans.factory.BeanCreationException: Error creating bean with name 'defaultEnvironmentRepository' defined in class path resource [org/springframework/cloud/config/server/config/DefaultRepositoryConfiguration.class]: Invocation of init method failed; nested exception is java.lang.IllegalStateException: You need to configure a uri for the git repository.
2021-06-25 06:35:40 [main] INFO  o.a.catalina.core.StandardService - Stopping service [Tomcat]
2021-06-25 06:35:40 [main] INFO  o.s.b.a.l.ConditionEvaluationReportLoggingListener - 

Error starting ApplicationContext. To display the conditions report re-run your application with 'debug' enabled.
2021-06-25 06:35:40 [main] ERROR o.s.b.d.LoggingFailureAnalysisReporter - 

***************************
APPLICATION FAILED TO START
***************************

Description:

Invalid config server configuration.

Action:

If you are using the git profile, you need to set a Git URI in your configuration.  If you have set spring.cloud.config.server.bootstrap=true, you need to use a composite configuration.

2021-06-25 07:37:38 [background-preinit] INFO  o.h.validator.internal.util.Version - HV000001: Hibernate Validator 6.2.0.Final
2021-06-25 07:37:38 [main] INFO  c.a.t.k.t.e.c.server.ConfigServer - Starting ConfigServer using Java 11.0.8 on APM3LC02YV3K0LVDR with PID 10155 (/Users/hs47xq/Desktop/del/event-driven-microservice/twitter-to-kafka-config-server/target/classes started by hs47xq in /Users/hs47xq/Desktop/del/event-driven-microservice)
2021-06-25 07:37:38 [main] INFO  c.a.t.k.t.e.c.server.ConfigServer - No active profile set, falling back to default profiles: default
2021-06-25 07:37:40 [main] INFO  o.s.cloud.context.scope.GenericScope - BeanFactory id=7fb77962-22e9-3360-9304-6cc3e0eee38d
2021-06-25 07:37:40 [main] INFO  o.s.b.w.e.tomcat.TomcatWebServer - Tomcat initialized with port(s): 8888 (http)
2021-06-25 07:37:40 [main] INFO  o.a.coyote.http11.Http11NioProtocol - Initializing ProtocolHandler ["http-nio-8888"]
2021-06-25 07:37:40 [main] INFO  o.a.catalina.core.StandardService - Starting service [Tomcat]
2021-06-25 07:37:40 [main] INFO  o.a.catalina.core.StandardEngine - Starting Servlet engine: [Apache Tomcat/9.0.46]
2021-06-25 07:37:41 [main] INFO  o.a.c.c.C.[Tomcat].[localhost].[/] - Initializing Spring embedded WebApplicationContext
2021-06-25 07:37:41 [main] INFO  o.s.b.w.s.c.ServletWebServerApplicationContext - Root WebApplicationContext: initialization completed in 2806 ms
2021-06-25 07:37:43 [main] WARN  o.s.b.w.s.c.AnnotationConfigServletWebServerApplicationContext - Exception encountered during context initialization - cancelling refresh attempt: org.springframework.beans.factory.BeanCreationException: Error creating bean with name 'defaultEnvironmentRepository' defined in class path resource [org/springframework/cloud/config/server/config/DefaultRepositoryConfiguration.class]: Invocation of init method failed; nested exception is java.lang.IllegalStateException: You need to configure a uri for the git repository.
2021-06-25 07:37:43 [main] INFO  o.a.catalina.core.StandardService - Stopping service [Tomcat]
2021-06-25 07:37:43 [main] INFO  o.s.b.a.l.ConditionEvaluationReportLoggingListener - 

Error starting ApplicationContext. To display the conditions report re-run your application with 'debug' enabled.
2021-06-25 07:37:43 [main] ERROR o.s.b.d.LoggingFailureAnalysisReporter - 

***************************
APPLICATION FAILED TO START
***************************

Description:

Invalid config server configuration.

Action:

If you are using the git profile, you need to set a Git URI in your configuration.  If you have set spring.cloud.config.server.bootstrap=true, you need to use a composite configuration.

2021-06-25 07:52:10 [background-preinit] INFO  o.h.validator.internal.util.Version - HV000001: Hibernate Validator 6.2.0.Final
2021-06-25 07:52:10 [main] INFO  c.a.t.k.t.e.c.server.ConfigServer - Starting ConfigServer using Java 11.0.8 on APM3LC02YV3K0LVDR with PID 10622 (/Users/hs47xq/Desktop/del/event-driven-microservice/twitter-to-kafka-config-server/target/classes started by hs47xq in /Users/hs47xq/Desktop/del/event-driven-microservice)
2021-06-25 07:52:10 [main] INFO  c.a.t.k.t.e.c.server.ConfigServer - No active profile set, falling back to default profiles: default
2021-06-25 07:52:12 [main] INFO  o.s.cloud.context.scope.GenericScope - BeanFactory id=7fb77962-22e9-3360-9304-6cc3e0eee38d
2021-06-25 07:52:13 [main] INFO  o.s.b.w.e.tomcat.TomcatWebServer - Tomcat initialized with port(s): 8888 (http)
2021-06-25 07:52:13 [main] INFO  o.a.coyote.http11.Http11NioProtocol - Initializing ProtocolHandler ["http-nio-8888"]
2021-06-25 07:52:13 [main] INFO  o.a.catalina.core.StandardService - Starting service [Tomcat]
2021-06-25 07:52:13 [main] INFO  o.a.catalina.core.StandardEngine - Starting Servlet engine: [Apache Tomcat/9.0.46]
2021-06-25 07:52:13 [main] INFO  o.a.c.c.C.[Tomcat].[localhost].[/] - Initializing Spring embedded WebApplicationContext
2021-06-25 07:52:13 [main] INFO  o.s.b.w.s.c.ServletWebServerApplicationContext - Root WebApplicationContext: initialization completed in 2705 ms
2021-06-25 07:52:15 [main] WARN  o.s.b.w.s.c.AnnotationConfigServletWebServerApplicationContext - Exception encountered during context initialization - cancelling refresh attempt: org.springframework.beans.factory.BeanCreationException: Error creating bean with name 'defaultEnvironmentRepository' defined in class path resource [org/springframework/cloud/config/server/config/DefaultRepositoryConfiguration.class]: Invocation of init method failed; nested exception is java.lang.IllegalStateException: You need to configure a uri for the git repository.
2021-06-25 07:52:15 [main] INFO  o.a.catalina.core.StandardService - Stopping service [Tomcat]
2021-06-25 07:52:15 [main] INFO  o.s.b.a.l.ConditionEvaluationReportLoggingListener - 

Error starting ApplicationContext. To display the conditions report re-run your application with 'debug' enabled.
2021-06-25 07:52:15 [main] ERROR o.s.b.d.LoggingFailureAnalysisReporter - 

***************************
APPLICATION FAILED TO START
***************************

Description:

Invalid config server configuration.

Action:

If you are using the git profile, you need to set a Git URI in your configuration.  If you have set spring.cloud.config.server.bootstrap=true, you need to use a composite configuration.

2021-06-25 08:11:35 [background-preinit] INFO  o.h.validator.internal.util.Version - HV000001: Hibernate Validator 6.2.0.Final
2021-06-25 08:11:35 [main] INFO  c.a.t.k.t.e.c.server.ConfigServer - Starting ConfigServer using Java 11.0.8 on APM3LC02YV3K0LVDR with PID 11102 (/Users/hs47xq/Desktop/del/event-driven-microservice/twitter-to-kafka-config-server/target/classes started by hs47xq in /Users/hs47xq/Desktop/del/event-driven-microservice)
2021-06-25 08:11:35 [main] INFO  c.a.t.k.t.e.c.server.ConfigServer - No active profile set, falling back to default profiles: default
2021-06-25 08:11:36 [main] INFO  o.s.cloud.context.scope.GenericScope - BeanFactory id=7fb77962-22e9-3360-9304-6cc3e0eee38d
2021-06-25 08:11:36 [main] INFO  o.s.b.w.e.tomcat.TomcatWebServer - Tomcat initialized with port(s): 8888 (http)
2021-06-25 08:11:36 [main] INFO  o.a.coyote.http11.Http11NioProtocol - Initializing ProtocolHandler ["http-nio-8888"]
2021-06-25 08:11:36 [main] INFO  o.a.catalina.core.StandardService - Starting service [Tomcat]
2021-06-25 08:11:36 [main] INFO  o.a.catalina.core.StandardEngine - Starting Servlet engine: [Apache Tomcat/9.0.46]
2021-06-25 08:11:36 [main] INFO  o.a.c.c.C.[Tomcat].[localhost].[/] - Initializing Spring embedded WebApplicationContext
2021-06-25 08:11:36 [main] INFO  o.s.b.w.s.c.ServletWebServerApplicationContext - Root WebApplicationContext: initialization completed in 1088 ms
2021-06-25 08:11:37 [main] WARN  o.s.b.w.s.c.AnnotationConfigServletWebServerApplicationContext - Exception encountered during context initialization - cancelling refresh attempt: org.springframework.beans.factory.BeanCreationException: Error creating bean with name 'defaultEnvironmentRepository' defined in class path resource [org/springframework/cloud/config/server/config/DefaultRepositoryConfiguration.class]: Invocation of init method failed; nested exception is java.lang.IllegalStateException: You need to configure a uri for the git repository.
2021-06-25 08:11:37 [main] INFO  o.a.catalina.core.StandardService - Stopping service [Tomcat]
2021-06-25 08:11:37 [main] INFO  o.s.b.a.l.ConditionEvaluationReportLoggingListener - 

Error starting ApplicationContext. To display the conditions report re-run your application with 'debug' enabled.
2021-06-25 08:11:37 [main] ERROR o.s.b.d.LoggingFailureAnalysisReporter - 

***************************
APPLICATION FAILED TO START
***************************

Description:

Invalid config server configuration.

Action:

If you are using the git profile, you need to set a Git URI in your configuration.  If you have set spring.cloud.config.server.bootstrap=true, you need to use a composite configuration.

2021-06-25 08:14:24 [background-preinit] INFO  o.h.validator.internal.util.Version - HV000001: Hibernate Validator 6.2.0.Final
2021-06-25 08:14:24 [main] INFO  c.a.t.k.t.e.c.server.ConfigServer - Starting ConfigServer using Java 11.0.8 on APM3LC02YV3K0LVDR with PID 11172 (/Users/hs47xq/Desktop/del/event-driven-microservice/twitter-to-kafka-config-server/target/classes started by hs47xq in /Users/hs47xq/Desktop/del/event-driven-microservice)
2021-06-25 08:14:24 [main] INFO  c.a.t.k.t.e.c.server.ConfigServer - No active profile set, falling back to default profiles: default
2021-06-25 08:14:25 [main] INFO  o.s.cloud.context.scope.GenericScope - BeanFactory id=7fb77962-22e9-3360-9304-6cc3e0eee38d
2021-06-25 08:14:25 [main] INFO  o.s.b.w.e.tomcat.TomcatWebServer - Tomcat initialized with port(s): 8888 (http)
2021-06-25 08:14:25 [main] INFO  o.a.coyote.http11.Http11NioProtocol - Initializing ProtocolHandler ["http-nio-8888"]
2021-06-25 08:14:25 [main] INFO  o.a.catalina.core.StandardService - Starting service [Tomcat]
2021-06-25 08:14:25 [main] INFO  o.a.catalina.core.StandardEngine - Starting Servlet engine: [Apache Tomcat/9.0.46]
2021-06-25 08:14:25 [main] INFO  o.a.c.c.C.[Tomcat].[localhost].[/] - Initializing Spring embedded WebApplicationContext
2021-06-25 08:14:25 [main] INFO  o.s.b.w.s.c.ServletWebServerApplicationContext - Root WebApplicationContext: initialization completed in 1138 ms
2021-06-25 08:14:26 [main] WARN  o.s.b.w.s.c.AnnotationConfigServletWebServerApplicationContext - Exception encountered during context initialization - cancelling refresh attempt: org.springframework.beans.factory.BeanCreationException: Error creating bean with name 'defaultEnvironmentRepository' defined in class path resource [org/springframework/cloud/config/server/config/DefaultRepositoryConfiguration.class]: Invocation of init method failed; nested exception is java.lang.IllegalStateException: You need to configure a uri for the git repository.
2021-06-25 08:14:26 [main] INFO  o.a.catalina.core.StandardService - Stopping service [Tomcat]
2021-06-25 08:14:26 [main] INFO  o.s.b.a.l.ConditionEvaluationReportLoggingListener - 

Error starting ApplicationContext. To display the conditions report re-run your application with 'debug' enabled.
2021-06-25 08:14:26 [main] ERROR o.s.b.d.LoggingFailureAnalysisReporter - 

***************************
APPLICATION FAILED TO START
***************************

Description:

Invalid config server configuration.

Action:

If you are using the git profile, you need to set a Git URI in your configuration.  If you have set spring.cloud.config.server.bootstrap=true, you need to use a composite configuration.

2021-06-25 08:15:07 [background-preinit] INFO  o.h.validator.internal.util.Version - HV000001: Hibernate Validator 6.2.0.Final
2021-06-25 08:15:07 [main] INFO  c.a.t.k.t.e.c.server.ConfigServer - Starting ConfigServer using Java 11.0.8 on APM3LC02YV3K0LVDR with PID 11195 (/Users/hs47xq/Desktop/del/event-driven-microservice/twitter-to-kafka-config-server/target/classes started by hs47xq in /Users/hs47xq/Desktop/del/event-driven-microservice)
2021-06-25 08:15:07 [main] INFO  c.a.t.k.t.e.c.server.ConfigServer - No active profile set, falling back to default profiles: default
2021-06-25 08:15:08 [main] INFO  o.s.cloud.context.scope.GenericScope - BeanFactory id=7fb77962-22e9-3360-9304-6cc3e0eee38d
2021-06-25 08:15:08 [main] INFO  o.s.b.w.e.tomcat.TomcatWebServer - Tomcat initialized with port(s): 8888 (http)
2021-06-25 08:15:08 [main] INFO  o.a.coyote.http11.Http11NioProtocol - Initializing ProtocolHandler ["http-nio-8888"]
2021-06-25 08:15:08 [main] INFO  o.a.catalina.core.StandardService - Starting service [Tomcat]
2021-06-25 08:15:08 [main] INFO  o.a.catalina.core.StandardEngine - Starting Servlet engine: [Apache Tomcat/9.0.46]
2021-06-25 08:15:08 [main] INFO  o.a.c.c.C.[Tomcat].[localhost].[/] - Initializing Spring embedded WebApplicationContext
2021-06-25 08:15:08 [main] INFO  o.s.b.w.s.c.ServletWebServerApplicationContext - Root WebApplicationContext: initialization completed in 1131 ms
2021-06-25 08:15:09 [main] WARN  o.s.b.w.s.c.AnnotationConfigServletWebServerApplicationContext - Exception encountered during context initialization - cancelling refresh attempt: org.springframework.beans.factory.BeanCreationException: Error creating bean with name 'defaultEnvironmentRepository' defined in class path resource [org/springframework/cloud/config/server/config/DefaultRepositoryConfiguration.class]: Invocation of init method failed; nested exception is java.lang.IllegalStateException: You need to configure a uri for the git repository.
2021-06-25 08:15:09 [main] INFO  o.a.catalina.core.StandardService - Stopping service [Tomcat]
2021-06-25 08:15:09 [main] INFO  o.s.b.a.l.ConditionEvaluationReportLoggingListener - 

Error starting ApplicationContext. To display the conditions report re-run your application with 'debug' enabled.
2021-06-25 08:15:09 [main] ERROR o.s.b.d.LoggingFailureAnalysisReporter - 

***************************
APPLICATION FAILED TO START
***************************

Description:

Invalid config server configuration.

Action:

If you are using the git profile, you need to set a Git URI in your configuration.  If you have set spring.cloud.config.server.bootstrap=true, you need to use a composite configuration.

2021-06-25 08:16:16 [background-preinit] INFO  o.h.validator.internal.util.Version - HV000001: Hibernate Validator 6.2.0.Final
2021-06-25 08:16:16 [main] INFO  c.a.t.k.t.e.c.server.ConfigServer - Starting ConfigServer using Java 11.0.8 on APM3LC02YV3K0LVDR with PID 11219 (/Users/hs47xq/Desktop/del/event-driven-microservice/twitter-to-kafka-config-server/target/classes started by hs47xq in /Users/hs47xq/Desktop/del/event-driven-microservice)
2021-06-25 08:16:16 [main] INFO  c.a.t.k.t.e.c.server.ConfigServer - No active profile set, falling back to default profiles: default
2021-06-25 08:16:17 [main] INFO  o.s.cloud.context.scope.GenericScope - BeanFactory id=7fb77962-22e9-3360-9304-6cc3e0eee38d
2021-06-25 08:16:17 [main] INFO  o.s.b.w.e.tomcat.TomcatWebServer - Tomcat initialized with port(s): 8888 (http)
2021-06-25 08:16:17 [main] INFO  o.a.coyote.http11.Http11NioProtocol - Initializing ProtocolHandler ["http-nio-8888"]
2021-06-25 08:16:17 [main] INFO  o.a.catalina.core.StandardService - Starting service [Tomcat]
2021-06-25 08:16:17 [main] INFO  o.a.catalina.core.StandardEngine - Starting Servlet engine: [Apache Tomcat/9.0.46]
2021-06-25 08:16:17 [main] INFO  o.a.c.c.C.[Tomcat].[localhost].[/] - Initializing Spring embedded WebApplicationContext
2021-06-25 08:16:17 [main] INFO  o.s.b.w.s.c.ServletWebServerApplicationContext - Root WebApplicationContext: initialization completed in 1158 ms
2021-06-25 08:16:18 [main] WARN  o.s.b.w.s.c.AnnotationConfigServletWebServerApplicationContext - Exception encountered during context initialization - cancelling refresh attempt: org.springframework.beans.factory.BeanCreationException: Error creating bean with name 'defaultEnvironmentRepository' defined in class path resource [org/springframework/cloud/config/server/config/DefaultRepositoryConfiguration.class]: Invocation of init method failed; nested exception is java.lang.IllegalStateException: You need to configure a uri for the git repository.
2021-06-25 08:16:18 [main] INFO  o.a.catalina.core.StandardService - Stopping service [Tomcat]
2021-06-25 08:16:18 [main] INFO  o.s.b.a.l.ConditionEvaluationReportLoggingListener - 

Error starting ApplicationContext. To display the conditions report re-run your application with 'debug' enabled.
2021-06-25 08:16:18 [main] ERROR o.s.b.d.LoggingFailureAnalysisReporter - 

***************************
APPLICATION FAILED TO START
***************************

Description:

Invalid config server configuration.

Action:

If you are using the git profile, you need to set a Git URI in your configuration.  If you have set spring.cloud.config.server.bootstrap=true, you need to use a composite configuration.

2021-06-25 08:16:45 [background-preinit] INFO  o.h.validator.internal.util.Version - HV000001: Hibernate Validator 6.2.0.Final
2021-06-25 08:16:45 [main] INFO  c.a.t.k.t.e.c.server.ConfigServer - Starting ConfigServer using Java 11.0.8 on APM3LC02YV3K0LVDR with PID 11232 (/Users/hs47xq/Desktop/del/event-driven-microservice/twitter-to-kafka-config-server/target/classes started by hs47xq in /Users/hs47xq/Desktop/del/event-driven-microservice)
2021-06-25 08:16:45 [main] INFO  c.a.t.k.t.e.c.server.ConfigServer - No active profile set, falling back to default profiles: default
2021-06-25 08:16:46 [main] INFO  o.s.cloud.context.scope.GenericScope - BeanFactory id=7fb77962-22e9-3360-9304-6cc3e0eee38d
2021-06-25 08:16:46 [main] INFO  o.s.b.w.e.tomcat.TomcatWebServer - Tomcat initialized with port(s): 8888 (http)
2021-06-25 08:16:46 [main] INFO  o.a.coyote.http11.Http11NioProtocol - Initializing ProtocolHandler ["http-nio-8888"]
2021-06-25 08:16:46 [main] INFO  o.a.catalina.core.StandardService - Starting service [Tomcat]
2021-06-25 08:16:46 [main] INFO  o.a.catalina.core.StandardEngine - Starting Servlet engine: [Apache Tomcat/9.0.46]
2021-06-25 08:16:46 [main] INFO  o.a.c.c.C.[Tomcat].[localhost].[/] - Initializing Spring embedded WebApplicationContext
2021-06-25 08:16:46 [main] INFO  o.s.b.w.s.c.ServletWebServerApplicationContext - Root WebApplicationContext: initialization completed in 1085 ms
2021-06-25 08:16:47 [main] WARN  o.s.b.w.s.c.AnnotationConfigServletWebServerApplicationContext - Exception encountered during context initialization - cancelling refresh attempt: org.springframework.beans.factory.BeanCreationException: Error creating bean with name 'defaultEnvironmentRepository' defined in class path resource [org/springframework/cloud/config/server/config/DefaultRepositoryConfiguration.class]: Invocation of init method failed; nested exception is java.lang.IllegalStateException: You need to configure a uri for the git repository.
2021-06-25 08:16:47 [main] INFO  o.a.catalina.core.StandardService - Stopping service [Tomcat]
2021-06-25 08:16:47 [main] INFO  o.s.b.a.l.ConditionEvaluationReportLoggingListener - 

Error starting ApplicationContext. To display the conditions report re-run your application with 'debug' enabled.
2021-06-25 08:16:47 [main] ERROR o.s.b.d.LoggingFailureAnalysisReporter - 

***************************
APPLICATION FAILED TO START
***************************

Description:

Invalid config server configuration.

Action:

If you are using the git profile, you need to set a Git URI in your configuration.  If you have set spring.cloud.config.server.bootstrap=true, you need to use a composite configuration.

2021-06-25 08:17:03 [background-preinit] INFO  o.h.validator.internal.util.Version - HV000001: Hibernate Validator 6.2.0.Final
2021-06-25 08:17:03 [main] INFO  c.a.t.k.t.e.c.server.ConfigServer - Starting ConfigServer using Java 11.0.8 on APM3LC02YV3K0LVDR with PID 11245 (/Users/hs47xq/Desktop/del/event-driven-microservice/twitter-to-kafka-config-server/target/classes started by hs47xq in /Users/hs47xq/Desktop/del/event-driven-microservice)
2021-06-25 08:17:03 [main] INFO  c.a.t.k.t.e.c.server.ConfigServer - No active profile set, falling back to default profiles: default
2021-06-25 08:17:04 [main] INFO  o.s.cloud.context.scope.GenericScope - BeanFactory id=7fb77962-22e9-3360-9304-6cc3e0eee38d
2021-06-25 08:17:04 [main] INFO  o.s.b.w.e.tomcat.TomcatWebServer - Tomcat initialized with port(s): 8888 (http)
2021-06-25 08:17:04 [main] INFO  o.a.coyote.http11.Http11NioProtocol - Initializing ProtocolHandler ["http-nio-8888"]
2021-06-25 08:17:04 [main] INFO  o.a.catalina.core.StandardService - Starting service [Tomcat]
2021-06-25 08:17:04 [main] INFO  o.a.catalina.core.StandardEngine - Starting Servlet engine: [Apache Tomcat/9.0.46]
2021-06-25 08:17:04 [main] INFO  o.a.c.c.C.[Tomcat].[localhost].[/] - Initializing Spring embedded WebApplicationContext
2021-06-25 08:17:04 [main] INFO  o.s.b.w.s.c.ServletWebServerApplicationContext - Root WebApplicationContext: initialization completed in 1156 ms
2021-06-25 08:17:05 [main] WARN  o.s.b.w.s.c.AnnotationConfigServletWebServerApplicationContext - Exception encountered during context initialization - cancelling refresh attempt: org.springframework.beans.factory.BeanCreationException: Error creating bean with name 'defaultEnvironmentRepository' defined in class path resource [org/springframework/cloud/config/server/config/DefaultRepositoryConfiguration.class]: Invocation of init method failed; nested exception is java.lang.IllegalStateException: You need to configure a uri for the git repository.
2021-06-25 08:17:05 [main] INFO  o.a.catalina.core.StandardService - Stopping service [Tomcat]
2021-06-25 08:17:05 [main] INFO  o.s.b.a.l.ConditionEvaluationReportLoggingListener - 

Error starting ApplicationContext. To display the conditions report re-run your application with 'debug' enabled.
2021-06-25 08:17:05 [main] ERROR o.s.b.d.LoggingFailureAnalysisReporter - 

***************************
APPLICATION FAILED TO START
***************************

Description:

Invalid config server configuration.

Action:

If you are using the git profile, you need to set a Git URI in your configuration.  If you have set spring.cloud.config.server.bootstrap=true, you need to use a composite configuration.

2021-06-25 08:54:43 [background-preinit] INFO  o.h.validator.internal.util.Version - HV000001: Hibernate Validator 6.2.0.Final
2021-06-25 08:54:43 [main] INFO  c.a.t.k.t.e.c.server.ConfigServer - No active profile set, falling back to default profiles: default
2021-06-25 08:54:44 [main] INFO  o.s.cloud.context.scope.GenericScope - BeanFactory id=b11db685-220a-3920-945f-14189f1c90d3
2021-06-25 08:54:44 [main] INFO  o.s.b.w.e.tomcat.TomcatWebServer - Tomcat initialized with port(s): 8888 (http)
2021-06-25 08:54:44 [main] INFO  o.a.coyote.http11.Http11NioProtocol - Initializing ProtocolHandler ["http-nio-8888"]
2021-06-25 08:54:44 [main] INFO  o.a.catalina.core.StandardService - Starting service [Tomcat]
2021-06-25 08:54:44 [main] INFO  o.a.catalina.core.StandardEngine - Starting Servlet engine: [Apache Tomcat/9.0.46]
2021-06-25 08:54:44 [main] INFO  o.a.c.c.C.[Tomcat].[localhost].[/] - Initializing Spring embedded WebApplicationContext
2021-06-25 08:54:44 [main] INFO  o.s.b.w.s.c.ServletWebServerApplicationContext - Root WebApplicationContext: initialization completed in 960 ms
2021-06-25 08:54:45 [main] DEBUG o.s.c.c.s.s.GitCredentialsProviderFactory - No credentials provider required for URI https://github.com/TanayaKarmakar/twitter-to-kafka-config-repo
2021-06-25 08:54:47 [main] INFO  o.s.b.a.e.web.EndpointLinksResolver - Exposing 1 endpoint(s) beneath base path '/actuator'
2021-06-25 08:54:47 [main] INFO  o.a.coyote.http11.Http11NioProtocol - Starting ProtocolHandler ["http-nio-8888"]
2021-06-25 08:54:47 [main] INFO  o.s.b.w.e.tomcat.TomcatWebServer - Tomcat started on port(s): 8888 (http) with context path ''
2021-06-25 08:54:47 [main] INFO  c.a.t.k.t.e.c.server.ConfigServer - Started ConfigServer in 4.827 seconds (JVM running for 5.418)
2021-06-25 08:54:47 [main] INFO  o.s.b.a.ApplicationAvailabilityBean - Application availability state LivenessState changed to CORRECT
2021-06-25 08:54:47 [main] INFO  o.s.b.a.ApplicationAvailabilityBean - Application availability state ReadinessState changed to ACCEPTING_TRAFFIC
2021-06-25 08:55:03 [background-preinit] INFO  o.h.validator.internal.util.Version - HV000001: Hibernate Validator 6.2.0.Final
2021-06-25 08:55:03 [main] INFO  c.a.t.k.t.e.c.server.ConfigServer - No active profile set, falling back to default profiles: default
2021-06-25 08:55:04 [main] INFO  o.s.cloud.context.scope.GenericScope - BeanFactory id=b11db685-220a-3920-945f-14189f1c90d3
2021-06-25 08:55:04 [main] INFO  o.s.b.w.e.tomcat.TomcatWebServer - Tomcat initialized with port(s): 8888 (http)
2021-06-25 08:55:04 [main] INFO  o.a.coyote.http11.Http11NioProtocol - Initializing ProtocolHandler ["http-nio-8888"]
2021-06-25 08:55:04 [main] INFO  o.a.catalina.core.StandardService - Starting service [Tomcat]
2021-06-25 08:55:04 [main] INFO  o.a.catalina.core.StandardEngine - Starting Servlet engine: [Apache Tomcat/9.0.46]
2021-06-25 08:55:04 [main] INFO  o.a.c.c.C.[Tomcat].[localhost].[/] - Initializing Spring embedded WebApplicationContext
2021-06-25 08:55:04 [main] INFO  o.s.b.w.s.c.ServletWebServerApplicationContext - Root WebApplicationContext: initialization completed in 1005 ms
2021-06-25 08:55:05 [main] DEBUG o.s.c.c.s.s.GitCredentialsProviderFactory - No credentials provider required for URI https://github.com/TanayaKarmakar/twitter-to-kafka-config-repo
2021-06-25 08:55:07 [main] INFO  o.s.b.a.e.web.EndpointLinksResolver - Exposing 1 endpoint(s) beneath base path '/actuator'
2021-06-25 08:55:07 [main] INFO  o.a.coyote.http11.Http11NioProtocol - Starting ProtocolHandler ["http-nio-8888"]
2021-06-25 08:55:07 [main] INFO  o.s.b.w.e.tomcat.TomcatWebServer - Tomcat started on port(s): 8888 (http) with context path ''
2021-06-25 08:55:07 [main] INFO  c.a.t.k.t.e.c.server.ConfigServer - Started ConfigServer in 4.303 seconds (JVM running for 4.824)
2021-06-25 08:55:07 [main] INFO  o.s.b.a.ApplicationAvailabilityBean - Application availability state LivenessState changed to CORRECT
2021-06-25 08:55:07 [main] INFO  o.s.b.a.ApplicationAvailabilityBean - Application availability state ReadinessState changed to ACCEPTING_TRAFFIC
2021-06-25 09:00:21 [background-preinit] INFO  o.h.validator.internal.util.Version - HV000001: Hibernate Validator 6.2.0.Final
2021-06-25 09:00:22 [main] INFO  c.a.t.k.t.e.c.server.ConfigServer - No active profile set, falling back to default profiles: default
2021-06-25 09:00:22 [main] INFO  o.s.cloud.context.scope.GenericScope - BeanFactory id=b11db685-220a-3920-945f-14189f1c90d3
2021-06-25 09:00:23 [main] INFO  o.s.b.w.e.tomcat.TomcatWebServer - Tomcat initialized with port(s): 8888 (http)
2021-06-25 09:00:23 [main] INFO  o.a.coyote.http11.Http11NioProtocol - Initializing ProtocolHandler ["http-nio-8888"]
2021-06-25 09:00:23 [main] INFO  o.a.catalina.core.StandardService - Starting service [Tomcat]
2021-06-25 09:00:23 [main] INFO  o.a.catalina.core.StandardEngine - Starting Servlet engine: [Apache Tomcat/9.0.46]
2021-06-25 09:00:23 [main] INFO  o.a.c.c.C.[Tomcat].[localhost].[/] - Initializing Spring embedded WebApplicationContext
2021-06-25 09:00:23 [main] INFO  o.s.b.w.s.c.ServletWebServerApplicationContext - Root WebApplicationContext: initialization completed in 1018 ms
2021-06-25 09:00:23 [main] DEBUG o.s.c.c.s.s.GitCredentialsProviderFactory - No credentials provider required for URI https://github.com/TanayaKarmakar/twitter-to-kafka-config-repo
2021-06-25 09:00:25 [main] INFO  o.s.b.a.e.web.EndpointLinksResolver - Exposing 1 endpoint(s) beneath base path '/actuator'
2021-06-25 09:00:25 [main] INFO  o.a.coyote.http11.Http11NioProtocol - Starting ProtocolHandler ["http-nio-8888"]
2021-06-25 09:00:25 [main] INFO  o.s.b.w.e.tomcat.TomcatWebServer - Tomcat started on port(s): 8888 (http) with context path ''
2021-06-25 09:00:25 [main] INFO  c.a.t.k.t.e.c.server.ConfigServer - Started ConfigServer in 4.337 seconds (JVM running for 4.879)
2021-06-25 09:03:39 [background-preinit] INFO  o.h.validator.internal.util.Version - HV000001: Hibernate Validator 6.2.0.Final
2021-06-25 09:03:39 [main] INFO  c.a.t.k.t.e.c.server.ConfigServer - No active profile set, falling back to default profiles: default
2021-06-25 09:03:40 [main] INFO  o.s.cloud.context.scope.GenericScope - BeanFactory id=b11db685-220a-3920-945f-14189f1c90d3
2021-06-25 09:03:40 [main] INFO  o.s.b.w.e.tomcat.TomcatWebServer - Tomcat initialized with port(s): 8888 (http)
2021-06-25 09:03:40 [main] INFO  o.a.coyote.http11.Http11NioProtocol - Initializing ProtocolHandler ["http-nio-8888"]
2021-06-25 09:03:40 [main] INFO  o.a.catalina.core.StandardService - Starting service [Tomcat]
2021-06-25 09:03:40 [main] INFO  o.a.catalina.core.StandardEngine - Starting Servlet engine: [Apache Tomcat/9.0.46]
2021-06-25 09:03:41 [main] INFO  o.a.c.c.C.[Tomcat].[localhost].[/] - Initializing Spring embedded WebApplicationContext
2021-06-25 09:03:41 [main] INFO  o.s.b.w.s.c.ServletWebServerApplicationContext - Root WebApplicationContext: initialization completed in 1081 ms
2021-06-25 09:03:41 [main] DEBUG o.s.c.c.s.s.GitCredentialsProviderFactory - No credentials provider required for URI https://github.com/TanayaKarmakar/twitter-to-kafka-config-repo
2021-06-25 09:03:43 [main] INFO  o.s.b.a.e.web.EndpointLinksResolver - Exposing 1 endpoint(s) beneath base path '/actuator'
2021-06-25 09:03:43 [main] INFO  o.a.coyote.http11.Http11NioProtocol - Starting ProtocolHandler ["http-nio-8888"]
2021-06-25 09:03:43 [main] INFO  o.s.b.w.e.tomcat.TomcatWebServer - Tomcat started on port(s): 8888 (http) with context path ''
2021-06-25 09:03:43 [main] INFO  c.a.t.k.t.e.c.server.ConfigServer - Started ConfigServer in 4.665 seconds (JVM running for 5.217)
