2021-06-24 05:37:03 [background-preinit] INFO  o.h.validator.internal.util.Version - HV000001: Hibernate Validator 6.2.0.Final
2021-06-24 05:37:03 [main] INFO  c.app.t2k.config.server.ConfigServer - Starting ConfigServer using Java 11.0.11 on Tanayas-MacBook-Pro.local with PID 4761 (/Users/t0k02w6/Documents/personal/Java/event-driven-microservice/twitter-to-kafka-config-server/target/classes started by t0k02w6 in /Users/t0k02w6/Documents/personal/Java/event-driven-microservice)
2021-06-24 05:37:03 [main] INFO  c.app.t2k.config.server.ConfigServer - No active profile set, falling back to default profiles: default
2021-06-24 05:37:04 [main] INFO  o.s.cloud.context.scope.GenericScope - BeanFactory id=94fb8871-c672-3488-841a-cb91d058b6e6
2021-06-24 05:37:04 [main] INFO  o.s.b.w.e.tomcat.TomcatWebServer - Tomcat initialized with port(s): 8888 (http)
2021-06-24 05:37:04 [main] INFO  o.a.coyote.http11.Http11NioProtocol - Initializing ProtocolHandler ["http-nio-8888"]
2021-06-24 05:37:04 [main] INFO  o.a.catalina.core.StandardService - Starting service [Tomcat]
2021-06-24 05:37:04 [main] INFO  o.a.catalina.core.StandardEngine - Starting Servlet engine: [Apache Tomcat/9.0.46]
2021-06-24 05:37:04 [main] INFO  o.a.c.c.C.[Tomcat].[localhost].[/] - Initializing Spring embedded WebApplicationContext
2021-06-24 05:37:04 [main] INFO  o.s.b.w.s.c.ServletWebServerApplicationContext - Root WebApplicationContext: initialization completed in 1144 ms
2021-06-24 05:37:05 [main] WARN  o.s.b.w.s.c.AnnotationConfigServletWebServerApplicationContext - Exception encountered during context initialization - cancelling refresh attempt: org.springframework.beans.factory.BeanCreationException: Error creating bean with name 'defaultEnvironmentRepository' defined in class path resource [org/springframework/cloud/config/server/config/DefaultRepositoryConfiguration.class]: Invocation of init method failed; nested exception is java.lang.IllegalStateException: You need to configure a uri for the git repository.
2021-06-24 05:37:05 [main] INFO  o.a.catalina.core.StandardService - Stopping service [Tomcat]
2021-06-24 05:37:05 [main] INFO  o.s.b.a.l.ConditionEvaluationReportLoggingListener - 

Error starting ApplicationContext. To display the conditions report re-run your application with 'debug' enabled.
2021-06-24 05:37:05 [main] ERROR o.s.b.d.LoggingFailureAnalysisReporter - 

***************************
APPLICATION FAILED TO START
***************************

Description:

Invalid config server configuration.

Action:

If you are using the git profile, you need to set a Git URI in your configuration.  If you have set spring.cloud.config.server.bootstrap=true, you need to use a composite configuration.

2021-06-24 05:38:07 [background-preinit] INFO  o.h.validator.internal.util.Version - HV000001: Hibernate Validator 6.2.0.Final
2021-06-24 05:38:07 [main] INFO  c.app.t2k.config.server.ConfigServer - Starting ConfigServer using Java 11.0.11 on Tanayas-MacBook-Pro.local with PID 4882 (/Users/t0k02w6/Documents/personal/Java/event-driven-microservice/twitter-to-kafka-config-server/target/classes started by t0k02w6 in /Users/t0k02w6/Documents/personal/Java/event-driven-microservice)
2021-06-24 05:38:07 [main] INFO  c.app.t2k.config.server.ConfigServer - No active profile set, falling back to default profiles: default
2021-06-24 05:38:08 [main] INFO  o.s.cloud.context.scope.GenericScope - BeanFactory id=94fb8871-c672-3488-841a-cb91d058b6e6
2021-06-24 05:38:08 [main] INFO  o.s.b.w.e.tomcat.TomcatWebServer - Tomcat initialized with port(s): 8888 (http)
2021-06-24 05:38:08 [main] INFO  o.a.coyote.http11.Http11NioProtocol - Initializing ProtocolHandler ["http-nio-8888"]
2021-06-24 05:38:08 [main] INFO  o.a.catalina.core.StandardService - Starting service [Tomcat]
2021-06-24 05:38:08 [main] INFO  o.a.catalina.core.StandardEngine - Starting Servlet engine: [Apache Tomcat/9.0.46]
2021-06-24 05:38:08 [main] INFO  o.a.c.c.C.[Tomcat].[localhost].[/] - Initializing Spring embedded WebApplicationContext
2021-06-24 05:38:08 [main] INFO  o.s.b.w.s.c.ServletWebServerApplicationContext - Root WebApplicationContext: initialization completed in 926 ms
2021-06-24 05:38:08 [main] WARN  o.s.b.w.s.c.AnnotationConfigServletWebServerApplicationContext - Exception encountered during context initialization - cancelling refresh attempt: org.springframework.beans.factory.BeanCreationException: Error creating bean with name 'defaultEnvironmentRepository' defined in class path resource [org/springframework/cloud/config/server/config/DefaultRepositoryConfiguration.class]: Invocation of init method failed; nested exception is java.lang.IllegalStateException: You need to configure a uri for the git repository.
2021-06-24 05:38:08 [main] INFO  o.a.catalina.core.StandardService - Stopping service [Tomcat]
2021-06-24 05:38:08 [main] INFO  o.s.b.a.l.ConditionEvaluationReportLoggingListener - 

Error starting ApplicationContext. To display the conditions report re-run your application with 'debug' enabled.
2021-06-24 05:38:08 [main] ERROR o.s.b.d.LoggingFailureAnalysisReporter - 

***************************
APPLICATION FAILED TO START
***************************

Description:

Invalid config server configuration.

Action:

If you are using the git profile, you need to set a Git URI in your configuration.  If you have set spring.cloud.config.server.bootstrap=true, you need to use a composite configuration.

2021-06-24 05:44:37 [background-preinit] INFO  o.h.validator.internal.util.Version - HV000001: Hibernate Validator 6.2.0.Final
2021-06-24 05:44:37 [main] INFO  c.app.t2k.config.server.ConfigServer - Starting ConfigServer using Java 11.0.11 on Tanayas-MacBook-Pro.local with PID 5768 (/Users/t0k02w6/Documents/personal/Java/event-driven-microservice/twitter-to-kafka-config-server/target/classes started by t0k02w6 in /Users/t0k02w6/Documents/personal/Java/event-driven-microservice)
2021-06-24 05:44:37 [main] INFO  c.app.t2k.config.server.ConfigServer - No active profile set, falling back to default profiles: default
2021-06-24 05:44:37 [main] INFO  o.s.cloud.context.scope.GenericScope - BeanFactory id=94fb8871-c672-3488-841a-cb91d058b6e6
2021-06-24 05:44:38 [main] INFO  o.s.b.w.e.tomcat.TomcatWebServer - Tomcat initialized with port(s): 8888 (http)
2021-06-24 05:44:38 [main] INFO  o.a.coyote.http11.Http11NioProtocol - Initializing ProtocolHandler ["http-nio-8888"]
2021-06-24 05:44:38 [main] INFO  o.a.catalina.core.StandardService - Starting service [Tomcat]
2021-06-24 05:44:38 [main] INFO  o.a.catalina.core.StandardEngine - Starting Servlet engine: [Apache Tomcat/9.0.46]
2021-06-24 05:44:38 [main] INFO  o.a.c.c.C.[Tomcat].[localhost].[/] - Initializing Spring embedded WebApplicationContext
2021-06-24 05:44:38 [main] INFO  o.s.b.w.s.c.ServletWebServerApplicationContext - Root WebApplicationContext: initialization completed in 1006 ms
2021-06-24 05:44:38 [main] WARN  o.s.b.w.s.c.AnnotationConfigServletWebServerApplicationContext - Exception encountered during context initialization - cancelling refresh attempt: org.springframework.beans.factory.BeanCreationException: Error creating bean with name 'defaultEnvironmentRepository' defined in class path resource [org/springframework/cloud/config/server/config/DefaultRepositoryConfiguration.class]: Invocation of init method failed; nested exception is java.lang.IllegalStateException: You need to configure a uri for the git repository.
2021-06-24 05:44:38 [main] INFO  o.a.catalina.core.StandardService - Stopping service [Tomcat]
2021-06-24 05:44:38 [main] INFO  o.s.b.a.l.ConditionEvaluationReportLoggingListener - 

Error starting ApplicationContext. To display the conditions report re-run your application with 'debug' enabled.
2021-06-24 05:44:38 [main] ERROR o.s.b.d.LoggingFailureAnalysisReporter - 

***************************
APPLICATION FAILED TO START
***************************

Description:

Invalid config server configuration.

Action:

If you are using the git profile, you need to set a Git URI in your configuration.  If you have set spring.cloud.config.server.bootstrap=true, you need to use a composite configuration.

2021-06-24 05:47:11 [background-preinit] INFO  o.h.validator.internal.util.Version - HV000001: Hibernate Validator 6.2.0.Final
2021-06-24 05:47:11 [main] INFO  c.app.t2k.config.server.ConfigServer - Starting ConfigServer using Java 11.0.11 on Tanayas-MacBook-Pro.local with PID 8288 (/Users/t0k02w6/Documents/personal/Java/event-driven-microservice/twitter-to-kafka-config-server/target/classes started by t0k02w6 in /Users/t0k02w6/Documents/personal/Java/event-driven-microservice)
2021-06-24 05:47:11 [main] INFO  c.app.t2k.config.server.ConfigServer - The following profiles are active: composite
2021-06-24 05:47:12 [main] ERROR o.s.boot.SpringApplication - Application run failed
java.lang.IllegalStateException: Error processing condition on org.springframework.cloud.config.server.config.CompositeRepositoryConfiguration.searchPathCompositeEnvironmentRepository
	at org.springframework.boot.autoconfigure.condition.SpringBootCondition.matches(SpringBootCondition.java:60)
	at org.springframework.context.annotation.ConditionEvaluator.shouldSkip(ConditionEvaluator.java:108)
	at org.springframework.context.annotation.ConfigurationClassBeanDefinitionReader.loadBeanDefinitionsForBeanMethod(ConfigurationClassBeanDefinitionReader.java:193)
	at org.springframework.context.annotation.ConfigurationClassBeanDefinitionReader.loadBeanDefinitionsForConfigurationClass(ConfigurationClassBeanDefinitionReader.java:153)
	at org.springframework.context.annotation.ConfigurationClassBeanDefinitionReader.loadBeanDefinitions(ConfigurationClassBeanDefinitionReader.java:129)
	at org.springframework.context.annotation.ConfigurationClassPostProcessor.processConfigBeanDefinitions(ConfigurationClassPostProcessor.java:343)
	at org.springframework.context.annotation.ConfigurationClassPostProcessor.postProcessBeanDefinitionRegistry(ConfigurationClassPostProcessor.java:247)
	at org.springframework.context.support.PostProcessorRegistrationDelegate.invokeBeanDefinitionRegistryPostProcessors(PostProcessorRegistrationDelegate.java:311)
	at org.springframework.context.support.PostProcessorRegistrationDelegate.invokeBeanFactoryPostProcessors(PostProcessorRegistrationDelegate.java:112)
	at org.springframework.context.support.AbstractApplicationContext.invokeBeanFactoryPostProcessors(AbstractApplicationContext.java:746)
	at org.springframework.context.support.AbstractApplicationContext.refresh(AbstractApplicationContext.java:564)
	at org.springframework.boot.web.servlet.context.ServletWebServerApplicationContext.refresh(ServletWebServerApplicationContext.java:145)
	at org.springframework.boot.SpringApplication.refresh(SpringApplication.java:754)
	at org.springframework.boot.SpringApplication.refreshContext(SpringApplication.java:434)
	at org.springframework.boot.SpringApplication.run(SpringApplication.java:338)
	at org.springframework.boot.SpringApplication.run(SpringApplication.java:1343)
	at org.springframework.boot.SpringApplication.run(SpringApplication.java:1332)
	at ConfigServer.main(ConfigServer.java:15)
Caused by: java.util.NoSuchElementException: No value bound
	at org.springframework.boot.context.properties.bind.BindResult.get(BindResult.java:55)
	at org.springframework.cloud.config.server.composite.CompositeUtils.getCompositeTypeList(CompositeUtils.java:51)
	at org.springframework.cloud.config.server.composite.OnSearchPathLocatorPresent.getMatchOutcome(OnSearchPathLocatorPresent.java:40)
	at org.springframework.boot.autoconfigure.condition.SpringBootCondition.matches(SpringBootCondition.java:47)
	... 17 common frames omitted
2021-06-24 05:47:41 [background-preinit] INFO  o.h.validator.internal.util.Version - HV000001: Hibernate Validator 6.2.0.Final
2021-06-24 05:47:41 [main] INFO  c.app.t2k.config.server.ConfigServer - Starting ConfigServer using Java 11.0.11 on Tanayas-MacBook-Pro.local with PID 8375 (/Users/t0k02w6/Documents/personal/Java/event-driven-microservice/twitter-to-kafka-config-server/target/classes started by t0k02w6 in /Users/t0k02w6/Documents/personal/Java/event-driven-microservice)
2021-06-24 05:47:41 [main] INFO  c.app.t2k.config.server.ConfigServer - No active profile set, falling back to default profiles: default
2021-06-24 05:47:41 [main] INFO  o.s.cloud.context.scope.GenericScope - BeanFactory id=94fb8871-c672-3488-841a-cb91d058b6e6
2021-06-24 05:47:41 [main] INFO  o.s.b.w.e.tomcat.TomcatWebServer - Tomcat initialized with port(s): 8888 (http)
2021-06-24 05:47:41 [main] INFO  o.a.coyote.http11.Http11NioProtocol - Initializing ProtocolHandler ["http-nio-8888"]
2021-06-24 05:47:41 [main] INFO  o.a.catalina.core.StandardService - Starting service [Tomcat]
2021-06-24 05:47:41 [main] INFO  o.a.catalina.core.StandardEngine - Starting Servlet engine: [Apache Tomcat/9.0.46]
2021-06-24 05:47:42 [main] INFO  o.a.c.c.C.[Tomcat].[localhost].[/] - Initializing Spring embedded WebApplicationContext
2021-06-24 05:47:42 [main] INFO  o.s.b.w.s.c.ServletWebServerApplicationContext - Root WebApplicationContext: initialization completed in 905 ms
2021-06-24 05:47:42 [main] DEBUG o.s.c.c.s.s.GitCredentialsProviderFactory - No credentials provider required for URI https://github.com/TanayaKarmakar/twitter-to-kafka-config-repo
2021-06-24 05:47:43 [main] WARN  o.s.c.c.s.e.MultipleJGitEnvironmentRepository - Error occured cloning to base directory.
org.eclipse.jgit.api.errors.TransportException: https://github.com/TanayaKarmakar/twitter-to-kafka-config-repo: Secure connection to https://github.com/TanayaKarmakar/twitter-to-kafka-config-repo could not be stablished because of SSL problems
	at org.eclipse.jgit.api.FetchCommand.call(FetchCommand.java:254)
	at org.eclipse.jgit.api.CloneCommand.fetch(CloneCommand.java:306)
	at org.eclipse.jgit.api.CloneCommand.call(CloneCommand.java:200)
	at org.springframework.cloud.config.server.environment.JGitEnvironmentRepository.cloneToBasedir(JGitEnvironmentRepository.java:612)
	at org.springframework.cloud.config.server.environment.JGitEnvironmentRepository.initClonedRepository(JGitEnvironmentRepository.java:334)
	at org.springframework.cloud.config.server.environment.JGitEnvironmentRepository.afterPropertiesSet(JGitEnvironmentRepository.java:255)
	at org.springframework.cloud.config.server.environment.MultipleJGitEnvironmentRepository.afterPropertiesSet(MultipleJGitEnvironmentRepository.java:66)
	at org.springframework.beans.factory.support.AbstractAutowireCapableBeanFactory.invokeInitMethods(AbstractAutowireCapableBeanFactory.java:1845)
	at org.springframework.beans.factory.support.AbstractAutowireCapableBeanFactory.initializeBean(AbstractAutowireCapableBeanFactory.java:1782)
	at org.springframework.beans.factory.support.AbstractAutowireCapableBeanFactory.doCreateBean(AbstractAutowireCapableBeanFactory.java:602)
	at org.springframework.beans.factory.support.AbstractAutowireCapableBeanFactory.createBean(AbstractAutowireCapableBeanFactory.java:524)
	at org.springframework.beans.factory.support.AbstractBeanFactory.lambda$doGetBean$0(AbstractBeanFactory.java:335)
	at org.springframework.beans.factory.support.DefaultSingletonBeanRegistry.getSingleton(DefaultSingletonBeanRegistry.java:234)
	at org.springframework.beans.factory.support.AbstractBeanFactory.doGetBean(AbstractBeanFactory.java:333)
	at org.springframework.beans.factory.support.AbstractBeanFactory.getBean(AbstractBeanFactory.java:208)
	at org.springframework.beans.factory.support.DefaultListableBeanFactory.preInstantiateSingletons(DefaultListableBeanFactory.java:944)
	at org.springframework.context.support.AbstractApplicationContext.finishBeanFactoryInitialization(AbstractApplicationContext.java:918)
	at org.springframework.context.support.AbstractApplicationContext.refresh(AbstractApplicationContext.java:583)
	at org.springframework.boot.web.servlet.context.ServletWebServerApplicationContext.refresh(ServletWebServerApplicationContext.java:145)
	at org.springframework.boot.SpringApplication.refresh(SpringApplication.java:754)
	at org.springframework.boot.SpringApplication.refreshContext(SpringApplication.java:434)
	at org.springframework.boot.SpringApplication.run(SpringApplication.java:338)
	at org.springframework.boot.SpringApplication.run(SpringApplication.java:1343)
	at org.springframework.boot.SpringApplication.run(SpringApplication.java:1332)
	at ConfigServer.main(ConfigServer.java:15)
Caused by: org.eclipse.jgit.errors.TransportException: https://github.com/TanayaKarmakar/twitter-to-kafka-config-repo: Secure connection to https://github.com/TanayaKarmakar/twitter-to-kafka-config-repo could not be stablished because of SSL problems
	at org.eclipse.jgit.transport.TransportHttp.handleSslFailure(TransportHttp.java:632)
	at org.eclipse.jgit.transport.TransportHttp.connect(TransportHttp.java:583)
	at org.eclipse.jgit.transport.TransportHttp.openFetch(TransportHttp.java:362)
	at org.eclipse.jgit.transport.FetchProcess.executeImp(FetchProcess.java:137)
	at org.eclipse.jgit.transport.FetchProcess.execute(FetchProcess.java:123)
	at org.eclipse.jgit.transport.Transport.fetch(Transport.java:1271)
	at org.eclipse.jgit.api.FetchCommand.call(FetchCommand.java:243)
	... 24 common frames omitted
Caused by: javax.net.ssl.SSLHandshakeException: PKIX path building failed: sun.security.provider.certpath.SunCertPathBuilderException: unable to find valid certification path to requested target
	at java.base/sun.security.ssl.Alert.createSSLException(Alert.java:131)
	at java.base/sun.security.ssl.TransportContext.fatal(TransportContext.java:349)
	at java.base/sun.security.ssl.TransportContext.fatal(TransportContext.java:292)
	at java.base/sun.security.ssl.TransportContext.fatal(TransportContext.java:287)
	at java.base/sun.security.ssl.CertificateMessage$T12CertificateConsumer.checkServerCerts(CertificateMessage.java:654)
	at java.base/sun.security.ssl.CertificateMessage$T12CertificateConsumer.onCertificate(CertificateMessage.java:473)
	at java.base/sun.security.ssl.CertificateMessage$T12CertificateConsumer.consume(CertificateMessage.java:369)
	at java.base/sun.security.ssl.SSLHandshake.consume(SSLHandshake.java:392)
	at java.base/sun.security.ssl.HandshakeContext.dispatch(HandshakeContext.java:443)
	at java.base/sun.security.ssl.HandshakeContext.dispatch(HandshakeContext.java:421)
	at java.base/sun.security.ssl.TransportContext.dispatch(TransportContext.java:182)
	at java.base/sun.security.ssl.SSLTransport.decode(SSLTransport.java:171)
	at java.base/sun.security.ssl.SSLSocketImpl.decode(SSLSocketImpl.java:1418)
	at java.base/sun.security.ssl.SSLSocketImpl.readHandshakeRecord(SSLSocketImpl.java:1324)
	at java.base/sun.security.ssl.SSLSocketImpl.startHandshake(SSLSocketImpl.java:440)
	at java.base/sun.security.ssl.SSLSocketImpl.startHandshake(SSLSocketImpl.java:411)
	at org.apache.http.conn.ssl.SSLConnectionSocketFactory.createLayeredSocket(SSLConnectionSocketFactory.java:436)
	at org.apache.http.conn.ssl.SSLConnectionSocketFactory.connectSocket(SSLConnectionSocketFactory.java:384)
	at org.apache.http.impl.conn.DefaultHttpClientConnectionOperator.connect(DefaultHttpClientConnectionOperator.java:142)
	at org.apache.http.impl.conn.PoolingHttpClientConnectionManager.connect(PoolingHttpClientConnectionManager.java:376)
	at org.apache.http.impl.execchain.MainClientExec.establishRoute(MainClientExec.java:393)
	at org.apache.http.impl.execchain.MainClientExec.execute(MainClientExec.java:236)
	at org.apache.http.impl.execchain.ProtocolExec.execute(ProtocolExec.java:186)
	at org.apache.http.impl.execchain.RetryExec.execute(RetryExec.java:89)
	at org.apache.http.impl.execchain.RedirectExec.execute(RedirectExec.java:110)
	at org.apache.http.impl.client.InternalHttpClient.doExecute(InternalHttpClient.java:185)
	at org.apache.http.impl.client.CloseableHttpClient.execute(CloseableHttpClient.java:83)
	at org.apache.http.impl.client.CloseableHttpClient.execute(CloseableHttpClient.java:108)
	at org.apache.http.impl.client.CloseableHttpClient.execute(CloseableHttpClient.java:56)
	at org.eclipse.jgit.transport.http.apache.HttpClientConnection.execute(HttpClientConnection.java:254)
	at org.eclipse.jgit.transport.http.apache.HttpClientConnection.getResponseCode(HttpClientConnection.java:231)
	at org.eclipse.jgit.util.HttpSupport.response(HttpSupport.java:207)
	at org.eclipse.jgit.transport.TransportHttp.connect(TransportHttp.java:514)
	... 29 common frames omitted
Caused by: sun.security.validator.ValidatorException: PKIX path building failed: sun.security.provider.certpath.SunCertPathBuilderException: unable to find valid certification path to requested target
	at java.base/sun.security.validator.PKIXValidator.doBuild(PKIXValidator.java:439)
	at java.base/sun.security.validator.PKIXValidator.engineValidate(PKIXValidator.java:306)
	at java.base/sun.security.validator.Validator.validate(Validator.java:264)
	at java.base/sun.security.ssl.X509TrustManagerImpl.validate(X509TrustManagerImpl.java:313)
	at java.base/sun.security.ssl.X509TrustManagerImpl.checkTrusted(X509TrustManagerImpl.java:222)
	at java.base/sun.security.ssl.X509TrustManagerImpl.checkServerTrusted(X509TrustManagerImpl.java:129)
	at java.base/sun.security.ssl.CertificateMessage$T12CertificateConsumer.checkServerCerts(CertificateMessage.java:638)
	... 57 common frames omitted
Caused by: sun.security.provider.certpath.SunCertPathBuilderException: unable to find valid certification path to requested target
	at java.base/sun.security.provider.certpath.SunCertPathBuilder.build(SunCertPathBuilder.java:141)
	at java.base/sun.security.provider.certpath.SunCertPathBuilder.engineBuild(SunCertPathBuilder.java:126)
	at java.base/java.security.cert.CertPathBuilder.build(CertPathBuilder.java:297)
	at java.base/sun.security.validator.PKIXValidator.doBuild(PKIXValidator.java:434)
	... 63 common frames omitted
2021-06-24 05:47:43 [main] WARN  o.s.b.w.s.c.AnnotationConfigServletWebServerApplicationContext - Exception encountered during context initialization - cancelling refresh attempt: org.springframework.beans.factory.BeanCreationException: Error creating bean with name 'defaultEnvironmentRepository' defined in class path resource [org/springframework/cloud/config/server/config/DefaultRepositoryConfiguration.class]: Invocation of init method failed; nested exception is org.eclipse.jgit.api.errors.TransportException: https://github.com/TanayaKarmakar/twitter-to-kafka-config-repo: Secure connection to https://github.com/TanayaKarmakar/twitter-to-kafka-config-repo could not be stablished because of SSL problems
2021-06-24 05:47:43 [main] INFO  o.a.catalina.core.StandardService - Stopping service [Tomcat]
2021-06-24 05:47:43 [main] INFO  o.s.b.a.l.ConditionEvaluationReportLoggingListener - 

Error starting ApplicationContext. To display the conditions report re-run your application with 'debug' enabled.
2021-06-24 05:47:43 [main] ERROR o.s.boot.SpringApplication - Application run failed
org.springframework.beans.factory.BeanCreationException: Error creating bean with name 'defaultEnvironmentRepository' defined in class path resource [org/springframework/cloud/config/server/config/DefaultRepositoryConfiguration.class]: Invocation of init method failed; nested exception is org.eclipse.jgit.api.errors.TransportException: https://github.com/TanayaKarmakar/twitter-to-kafka-config-repo: Secure connection to https://github.com/TanayaKarmakar/twitter-to-kafka-config-repo could not be stablished because of SSL problems
	at org.springframework.beans.factory.support.AbstractAutowireCapableBeanFactory.initializeBean(AbstractAutowireCapableBeanFactory.java:1786)
	at org.springframework.beans.factory.support.AbstractAutowireCapableBeanFactory.doCreateBean(AbstractAutowireCapableBeanFactory.java:602)
	at org.springframework.beans.factory.support.AbstractAutowireCapableBeanFactory.createBean(AbstractAutowireCapableBeanFactory.java:524)
	at org.springframework.beans.factory.support.AbstractBeanFactory.lambda$doGetBean$0(AbstractBeanFactory.java:335)
	at org.springframework.beans.factory.support.DefaultSingletonBeanRegistry.getSingleton(DefaultSingletonBeanRegistry.java:234)
	at org.springframework.beans.factory.support.AbstractBeanFactory.doGetBean(AbstractBeanFactory.java:333)
	at org.springframework.beans.factory.support.AbstractBeanFactory.getBean(AbstractBeanFactory.java:208)
	at org.springframework.beans.factory.support.DefaultListableBeanFactory.preInstantiateSingletons(DefaultListableBeanFactory.java:944)
	at org.springframework.context.support.AbstractApplicationContext.finishBeanFactoryInitialization(AbstractApplicationContext.java:918)
	at org.springframework.context.support.AbstractApplicationContext.refresh(AbstractApplicationContext.java:583)
	at org.springframework.boot.web.servlet.context.ServletWebServerApplicationContext.refresh(ServletWebServerApplicationContext.java:145)
	at org.springframework.boot.SpringApplication.refresh(SpringApplication.java:754)
	at org.springframework.boot.SpringApplication.refreshContext(SpringApplication.java:434)
	at org.springframework.boot.SpringApplication.run(SpringApplication.java:338)
	at org.springframework.boot.SpringApplication.run(SpringApplication.java:1343)
	at org.springframework.boot.SpringApplication.run(SpringApplication.java:1332)
	at ConfigServer.main(ConfigServer.java:15)
Caused by: org.eclipse.jgit.api.errors.TransportException: https://github.com/TanayaKarmakar/twitter-to-kafka-config-repo: Secure connection to https://github.com/TanayaKarmakar/twitter-to-kafka-config-repo could not be stablished because of SSL problems
	at org.eclipse.jgit.api.FetchCommand.call(FetchCommand.java:254)
	at org.eclipse.jgit.api.CloneCommand.fetch(CloneCommand.java:306)
	at org.eclipse.jgit.api.CloneCommand.call(CloneCommand.java:200)
	at org.springframework.cloud.config.server.environment.JGitEnvironmentRepository.cloneToBasedir(JGitEnvironmentRepository.java:612)
	at org.springframework.cloud.config.server.environment.JGitEnvironmentRepository.initClonedRepository(JGitEnvironmentRepository.java:334)
	at org.springframework.cloud.config.server.environment.JGitEnvironmentRepository.afterPropertiesSet(JGitEnvironmentRepository.java:255)
	at org.springframework.cloud.config.server.environment.MultipleJGitEnvironmentRepository.afterPropertiesSet(MultipleJGitEnvironmentRepository.java:66)
	at org.springframework.beans.factory.support.AbstractAutowireCapableBeanFactory.invokeInitMethods(AbstractAutowireCapableBeanFactory.java:1845)
	at org.springframework.beans.factory.support.AbstractAutowireCapableBeanFactory.initializeBean(AbstractAutowireCapableBeanFactory.java:1782)
	... 16 common frames omitted
Caused by: org.eclipse.jgit.errors.TransportException: https://github.com/TanayaKarmakar/twitter-to-kafka-config-repo: Secure connection to https://github.com/TanayaKarmakar/twitter-to-kafka-config-repo could not be stablished because of SSL problems
	at org.eclipse.jgit.transport.TransportHttp.handleSslFailure(TransportHttp.java:632)
	at org.eclipse.jgit.transport.TransportHttp.connect(TransportHttp.java:583)
	at org.eclipse.jgit.transport.TransportHttp.openFetch(TransportHttp.java:362)
	at org.eclipse.jgit.transport.FetchProcess.executeImp(FetchProcess.java:137)
	at org.eclipse.jgit.transport.FetchProcess.execute(FetchProcess.java:123)
	at org.eclipse.jgit.transport.Transport.fetch(Transport.java:1271)
	at org.eclipse.jgit.api.FetchCommand.call(FetchCommand.java:243)
	... 24 common frames omitted
Caused by: javax.net.ssl.SSLHandshakeException: PKIX path building failed: sun.security.provider.certpath.SunCertPathBuilderException: unable to find valid certification path to requested target
	at java.base/sun.security.ssl.Alert.createSSLException(Alert.java:131)
	at java.base/sun.security.ssl.TransportContext.fatal(TransportContext.java:349)
	at java.base/sun.security.ssl.TransportContext.fatal(TransportContext.java:292)
	at java.base/sun.security.ssl.TransportContext.fatal(TransportContext.java:287)
	at java.base/sun.security.ssl.CertificateMessage$T12CertificateConsumer.checkServerCerts(CertificateMessage.java:654)
	at java.base/sun.security.ssl.CertificateMessage$T12CertificateConsumer.onCertificate(CertificateMessage.java:473)
	at java.base/sun.security.ssl.CertificateMessage$T12CertificateConsumer.consume(CertificateMessage.java:369)
	at java.base/sun.security.ssl.SSLHandshake.consume(SSLHandshake.java:392)
	at java.base/sun.security.ssl.HandshakeContext.dispatch(HandshakeContext.java:443)
	at java.base/sun.security.ssl.HandshakeContext.dispatch(HandshakeContext.java:421)
	at java.base/sun.security.ssl.TransportContext.dispatch(TransportContext.java:182)
	at java.base/sun.security.ssl.SSLTransport.decode(SSLTransport.java:171)
	at java.base/sun.security.ssl.SSLSocketImpl.decode(SSLSocketImpl.java:1418)
	at java.base/sun.security.ssl.SSLSocketImpl.readHandshakeRecord(SSLSocketImpl.java:1324)
	at java.base/sun.security.ssl.SSLSocketImpl.startHandshake(SSLSocketImpl.java:440)
	at java.base/sun.security.ssl.SSLSocketImpl.startHandshake(SSLSocketImpl.java:411)
	at org.apache.http.conn.ssl.SSLConnectionSocketFactory.createLayeredSocket(SSLConnectionSocketFactory.java:436)
	at org.apache.http.conn.ssl.SSLConnectionSocketFactory.connectSocket(SSLConnectionSocketFactory.java:384)
	at org.apache.http.impl.conn.DefaultHttpClientConnectionOperator.connect(DefaultHttpClientConnectionOperator.java:142)
	at org.apache.http.impl.conn.PoolingHttpClientConnectionManager.connect(PoolingHttpClientConnectionManager.java:376)
	at org.apache.http.impl.execchain.MainClientExec.establishRoute(MainClientExec.java:393)
	at org.apache.http.impl.execchain.MainClientExec.execute(MainClientExec.java:236)
	at org.apache.http.impl.execchain.ProtocolExec.execute(ProtocolExec.java:186)
	at org.apache.http.impl.execchain.RetryExec.execute(RetryExec.java:89)
	at org.apache.http.impl.execchain.RedirectExec.execute(RedirectExec.java:110)
	at org.apache.http.impl.client.InternalHttpClient.doExecute(InternalHttpClient.java:185)
	at org.apache.http.impl.client.CloseableHttpClient.execute(CloseableHttpClient.java:83)
	at org.apache.http.impl.client.CloseableHttpClient.execute(CloseableHttpClient.java:108)
	at org.apache.http.impl.client.CloseableHttpClient.execute(CloseableHttpClient.java:56)
	at org.eclipse.jgit.transport.http.apache.HttpClientConnection.execute(HttpClientConnection.java:254)
	at org.eclipse.jgit.transport.http.apache.HttpClientConnection.getResponseCode(HttpClientConnection.java:231)
	at org.eclipse.jgit.util.HttpSupport.response(HttpSupport.java:207)
	at org.eclipse.jgit.transport.TransportHttp.connect(TransportHttp.java:514)
	... 29 common frames omitted
Caused by: sun.security.validator.ValidatorException: PKIX path building failed: sun.security.provider.certpath.SunCertPathBuilderException: unable to find valid certification path to requested target
	at java.base/sun.security.validator.PKIXValidator.doBuild(PKIXValidator.java:439)
	at java.base/sun.security.validator.PKIXValidator.engineValidate(PKIXValidator.java:306)
	at java.base/sun.security.validator.Validator.validate(Validator.java:264)
	at java.base/sun.security.ssl.X509TrustManagerImpl.validate(X509TrustManagerImpl.java:313)
	at java.base/sun.security.ssl.X509TrustManagerImpl.checkTrusted(X509TrustManagerImpl.java:222)
	at java.base/sun.security.ssl.X509TrustManagerImpl.checkServerTrusted(X509TrustManagerImpl.java:129)
	at java.base/sun.security.ssl.CertificateMessage$T12CertificateConsumer.checkServerCerts(CertificateMessage.java:638)
	... 57 common frames omitted
Caused by: sun.security.provider.certpath.SunCertPathBuilderException: unable to find valid certification path to requested target
	at java.base/sun.security.provider.certpath.SunCertPathBuilder.build(SunCertPathBuilder.java:141)
	at java.base/sun.security.provider.certpath.SunCertPathBuilder.engineBuild(SunCertPathBuilder.java:126)
	at java.base/java.security.cert.CertPathBuilder.build(CertPathBuilder.java:297)
	at java.base/sun.security.validator.PKIXValidator.doBuild(PKIXValidator.java:434)
	... 63 common frames omitted
2021-06-24 05:48:18 [background-preinit] INFO  o.h.validator.internal.util.Version - HV000001: Hibernate Validator 6.2.0.Final
2021-06-24 05:48:18 [main] INFO  c.app.t2k.config.server.ConfigServer - Starting ConfigServer using Java 11.0.11 on Tanayas-MacBook-Pro.local with PID 8602 (/Users/t0k02w6/Documents/personal/Java/event-driven-microservice/twitter-to-kafka-config-server/target/classes started by t0k02w6 in /Users/t0k02w6/Documents/personal/Java/event-driven-microservice)
2021-06-24 05:48:18 [main] INFO  c.app.t2k.config.server.ConfigServer - No active profile set, falling back to default profiles: default
2021-06-24 05:48:19 [main] INFO  o.s.cloud.context.scope.GenericScope - BeanFactory id=94fb8871-c672-3488-841a-cb91d058b6e6
2021-06-24 05:48:19 [main] INFO  o.s.b.w.e.tomcat.TomcatWebServer - Tomcat initialized with port(s): 8888 (http)
2021-06-24 05:48:19 [main] INFO  o.a.coyote.http11.Http11NioProtocol - Initializing ProtocolHandler ["http-nio-8888"]
2021-06-24 05:48:19 [main] INFO  o.a.catalina.core.StandardService - Starting service [Tomcat]
2021-06-24 05:48:19 [main] INFO  o.a.catalina.core.StandardEngine - Starting Servlet engine: [Apache Tomcat/9.0.46]
2021-06-24 05:48:19 [main] INFO  o.a.c.c.C.[Tomcat].[localhost].[/] - Initializing Spring embedded WebApplicationContext
2021-06-24 05:48:19 [main] INFO  o.s.b.w.s.c.ServletWebServerApplicationContext - Root WebApplicationContext: initialization completed in 1339 ms
2021-06-24 05:48:19 [main] DEBUG o.s.c.c.s.s.GitCredentialsProviderFactory - No credentials provider required for URI https://github.com/TanayaKarmakar/twitter-to-kafka-config-repo
2021-06-24 05:48:21 [main] WARN  o.s.b.w.s.c.AnnotationConfigServletWebServerApplicationContext - Exception encountered during context initialization - cancelling refresh attempt: org.springframework.beans.factory.BeanCreationException: Error creating bean with name 'defaultEnvironmentRepository' defined in class path resource [org/springframework/cloud/config/server/config/DefaultRepositoryConfiguration.class]: Invocation of init method failed; nested exception is org.eclipse.jgit.api.errors.RefNotFoundException: Ref master cannot be resolved
2021-06-24 05:48:21 [main] INFO  o.a.catalina.core.StandardService - Stopping service [Tomcat]
2021-06-24 05:48:21 [main] INFO  o.s.b.a.l.ConditionEvaluationReportLoggingListener - 

Error starting ApplicationContext. To display the conditions report re-run your application with 'debug' enabled.
2021-06-24 05:48:21 [main] ERROR o.s.boot.SpringApplication - Application run failed
org.springframework.beans.factory.BeanCreationException: Error creating bean with name 'defaultEnvironmentRepository' defined in class path resource [org/springframework/cloud/config/server/config/DefaultRepositoryConfiguration.class]: Invocation of init method failed; nested exception is org.eclipse.jgit.api.errors.RefNotFoundException: Ref master cannot be resolved
	at org.springframework.beans.factory.support.AbstractAutowireCapableBeanFactory.initializeBean(AbstractAutowireCapableBeanFactory.java:1786)
	at org.springframework.beans.factory.support.AbstractAutowireCapableBeanFactory.doCreateBean(AbstractAutowireCapableBeanFactory.java:602)
	at org.springframework.beans.factory.support.AbstractAutowireCapableBeanFactory.createBean(AbstractAutowireCapableBeanFactory.java:524)
	at org.springframework.beans.factory.support.AbstractBeanFactory.lambda$doGetBean$0(AbstractBeanFactory.java:335)
	at org.springframework.beans.factory.support.DefaultSingletonBeanRegistry.getSingleton(DefaultSingletonBeanRegistry.java:234)
	at org.springframework.beans.factory.support.AbstractBeanFactory.doGetBean(AbstractBeanFactory.java:333)
	at org.springframework.beans.factory.support.AbstractBeanFactory.getBean(AbstractBeanFactory.java:208)
	at org.springframework.beans.factory.support.DefaultListableBeanFactory.preInstantiateSingletons(DefaultListableBeanFactory.java:944)
	at org.springframework.context.support.AbstractApplicationContext.finishBeanFactoryInitialization(AbstractApplicationContext.java:918)
	at org.springframework.context.support.AbstractApplicationContext.refresh(AbstractApplicationContext.java:583)
	at org.springframework.boot.web.servlet.context.ServletWebServerApplicationContext.refresh(ServletWebServerApplicationContext.java:145)
	at org.springframework.boot.SpringApplication.refresh(SpringApplication.java:754)
	at org.springframework.boot.SpringApplication.refreshContext(SpringApplication.java:434)
	at org.springframework.boot.SpringApplication.run(SpringApplication.java:338)
	at org.springframework.boot.SpringApplication.run(SpringApplication.java:1343)
	at org.springframework.boot.SpringApplication.run(SpringApplication.java:1332)
	at ConfigServer.main(ConfigServer.java:15)
Caused by: org.eclipse.jgit.api.errors.RefNotFoundException: Ref master cannot be resolved
	at org.eclipse.jgit.api.CheckoutCommand.call(CheckoutCommand.java:254)
	at org.springframework.cloud.config.server.environment.JGitEnvironmentRepository.checkout(JGitEnvironmentRepository.java:422)
	at org.springframework.cloud.config.server.environment.JGitEnvironmentRepository.initClonedRepository(JGitEnvironmentRepository.java:351)
	at org.springframework.cloud.config.server.environment.JGitEnvironmentRepository.afterPropertiesSet(JGitEnvironmentRepository.java:255)
	at org.springframework.cloud.config.server.environment.MultipleJGitEnvironmentRepository.afterPropertiesSet(MultipleJGitEnvironmentRepository.java:66)
	at org.springframework.beans.factory.support.AbstractAutowireCapableBeanFactory.invokeInitMethods(AbstractAutowireCapableBeanFactory.java:1845)
	at org.springframework.beans.factory.support.AbstractAutowireCapableBeanFactory.initializeBean(AbstractAutowireCapableBeanFactory.java:1782)
	... 16 common frames omitted
2021-06-24 05:53:43 [background-preinit] INFO  o.h.validator.internal.util.Version - HV000001: Hibernate Validator 6.2.0.Final
2021-06-24 05:53:43 [main] INFO  c.app.t2k.config.server.ConfigServer - Starting ConfigServer using Java 11.0.11 on Tanayas-MacBook-Pro.local with PID 11393 (/Users/t0k02w6/Documents/personal/Java/event-driven-microservice/twitter-to-kafka-config-server/target/classes started by t0k02w6 in /Users/t0k02w6/Documents/personal/Java/event-driven-microservice)
2021-06-24 05:53:43 [main] INFO  c.app.t2k.config.server.ConfigServer - No active profile set, falling back to default profiles: default
2021-06-24 05:53:44 [main] INFO  o.s.cloud.context.scope.GenericScope - BeanFactory id=94fb8871-c672-3488-841a-cb91d058b6e6
2021-06-24 05:53:44 [main] INFO  o.s.b.w.e.tomcat.TomcatWebServer - Tomcat initialized with port(s): 8888 (http)
2021-06-24 05:53:44 [main] INFO  o.a.coyote.http11.Http11NioProtocol - Initializing ProtocolHandler ["http-nio-8888"]
2021-06-24 05:53:44 [main] INFO  o.a.catalina.core.StandardService - Starting service [Tomcat]
2021-06-24 05:53:44 [main] INFO  o.a.catalina.core.StandardEngine - Starting Servlet engine: [Apache Tomcat/9.0.46]
2021-06-24 05:53:44 [main] INFO  o.a.c.c.C.[Tomcat].[localhost].[/] - Initializing Spring embedded WebApplicationContext
2021-06-24 05:53:44 [main] INFO  o.s.b.w.s.c.ServletWebServerApplicationContext - Root WebApplicationContext: initialization completed in 1117 ms
2021-06-24 05:53:45 [main] DEBUG o.s.c.c.s.s.GitCredentialsProviderFactory - No credentials provider required for URI https://github.com/TanayaKarmakar/twitter-to-kafka-config-repo
2021-06-24 05:53:47 [main] INFO  o.a.coyote.http11.Http11NioProtocol - Starting ProtocolHandler ["http-nio-8888"]
2021-06-24 05:53:47 [main] INFO  o.s.b.w.e.tomcat.TomcatWebServer - Tomcat started on port(s): 8888 (http) with context path ''
2021-06-24 05:53:47 [main] INFO  c.app.t2k.config.server.ConfigServer - Started ConfigServer in 4.449 seconds (JVM running for 5.397)
2021-06-24 05:55:32 [background-preinit] INFO  o.h.validator.internal.util.Version - HV000001: Hibernate Validator 6.2.0.Final
2021-06-24 05:55:32 [main] INFO  c.app.t2k.config.server.ConfigServer - Starting ConfigServer using Java 11.0.11 on Tanayas-MacBook-Pro.local with PID 11497 (/Users/t0k02w6/Documents/personal/Java/event-driven-microservice/twitter-to-kafka-config-server/target/classes started by t0k02w6 in /Users/t0k02w6/Documents/personal/Java/event-driven-microservice)
2021-06-24 05:55:32 [main] INFO  c.app.t2k.config.server.ConfigServer - No active profile set, falling back to default profiles: default
2021-06-24 05:55:33 [main] INFO  o.s.cloud.context.scope.GenericScope - BeanFactory id=94fb8871-c672-3488-841a-cb91d058b6e6
2021-06-24 05:55:33 [main] INFO  o.s.b.w.e.tomcat.TomcatWebServer - Tomcat initialized with port(s): 8888 (http)
2021-06-24 05:55:33 [main] INFO  o.a.coyote.http11.Http11NioProtocol - Initializing ProtocolHandler ["http-nio-8888"]
2021-06-24 05:55:33 [main] INFO  o.a.catalina.core.StandardService - Starting service [Tomcat]
2021-06-24 05:55:33 [main] INFO  o.a.catalina.core.StandardEngine - Starting Servlet engine: [Apache Tomcat/9.0.46]
2021-06-24 05:55:33 [main] INFO  o.a.c.c.C.[Tomcat].[localhost].[/] - Initializing Spring embedded WebApplicationContext
2021-06-24 05:55:33 [main] INFO  o.s.b.w.s.c.ServletWebServerApplicationContext - Root WebApplicationContext: initialization completed in 1091 ms
2021-06-24 05:55:34 [main] DEBUG o.s.c.c.s.s.GitCredentialsProviderFactory - No credentials provider required for URI https://github.com/TanayaKarmakar/twitter-to-kafka-config-repo
2021-06-24 05:55:36 [main] INFO  o.a.coyote.http11.Http11NioProtocol - Starting ProtocolHandler ["http-nio-8888"]
2021-06-24 05:55:36 [main] INFO  o.s.b.w.e.tomcat.TomcatWebServer - Tomcat started on port(s): 8888 (http) with context path ''
2021-06-24 05:55:36 [main] INFO  c.app.t2k.config.server.ConfigServer - Started ConfigServer in 4.387 seconds (JVM running for 5.489)
2021-06-24 06:06:12 [background-preinit] INFO  o.h.validator.internal.util.Version - HV000001: Hibernate Validator 6.2.0.Final
2021-06-24 06:06:12 [main] INFO  c.app.t2k.config.server.ConfigServer - Starting ConfigServer using Java 11.0.11 on Tanayas-MacBook-Pro.local with PID 12884 (/Users/t0k02w6/Documents/personal/Java/event-driven-microservice/twitter-to-kafka-config-server/target/classes started by t0k02w6 in /Users/t0k02w6/Documents/personal/Java/event-driven-microservice)
2021-06-24 06:06:12 [main] INFO  c.app.t2k.config.server.ConfigServer - No active profile set, falling back to default profiles: default
2021-06-24 06:06:12 [main] INFO  o.s.cloud.context.scope.GenericScope - BeanFactory id=94fb8871-c672-3488-841a-cb91d058b6e6
2021-06-24 06:06:13 [main] INFO  o.s.b.w.e.tomcat.TomcatWebServer - Tomcat initialized with port(s): 8888 (http)
2021-06-24 06:06:13 [main] INFO  o.a.coyote.http11.Http11NioProtocol - Initializing ProtocolHandler ["http-nio-8888"]
2021-06-24 06:06:13 [main] INFO  o.a.catalina.core.StandardService - Starting service [Tomcat]
2021-06-24 06:06:13 [main] INFO  o.a.catalina.core.StandardEngine - Starting Servlet engine: [Apache Tomcat/9.0.46]
2021-06-24 06:06:13 [main] INFO  o.a.c.c.C.[Tomcat].[localhost].[/] - Initializing Spring embedded WebApplicationContext
2021-06-24 06:06:13 [main] INFO  o.s.b.w.s.c.ServletWebServerApplicationContext - Root WebApplicationContext: initialization completed in 1007 ms
2021-06-24 06:06:13 [main] DEBUG o.s.c.c.s.s.GitCredentialsProviderFactory - No credentials provider required for URI https://github.com/TanayaKarmakar/twitter-to-kafka-config-repo
2021-06-24 06:06:15 [main] INFO  o.a.coyote.http11.Http11NioProtocol - Starting ProtocolHandler ["http-nio-8888"]
2021-06-24 06:06:15 [main] INFO  o.s.b.w.e.tomcat.TomcatWebServer - Tomcat started on port(s): 8888 (http) with context path ''
2021-06-24 06:06:15 [main] INFO  c.app.t2k.config.server.ConfigServer - Started ConfigServer in 4.1 seconds (JVM running for 5.273)
2021-06-24 06:18:50 [main] INFO  c.app.t2k.config.server.ConfigServer - Starting ConfigServer on Tanayas-MacBook-Pro.local with PID 14286 (/Users/t0k02w6/Documents/personal/Java/event-driven-microservice/twitter-to-kafka-config-server/target/classes started by t0k02w6 in /Users/t0k02w6/Documents/personal/Java/event-driven-microservice)
2021-06-24 06:18:50 [background-preinit] INFO  o.h.validator.internal.util.Version - HV000001: Hibernate Validator 6.1.7.Final
2021-06-24 06:18:50 [main] INFO  c.app.t2k.config.server.ConfigServer - No active profile set, falling back to default profiles: default
2021-06-24 06:18:50 [background-preinit] WARN  o.s.h.c.j.Jackson2ObjectMapperBuilder - For Jackson Kotlin classes support please add "com.fasterxml.jackson.module:jackson-module-kotlin" to the classpath
2021-06-24 06:18:50 [main] INFO  o.s.cloud.context.scope.GenericScope - BeanFactory id=6abe3e2a-f458-3b6f-a7bc-63eef3518f5e
2021-06-24 06:18:51 [main] INFO  o.s.b.w.e.tomcat.TomcatWebServer - Tomcat initialized with port(s): 8888 (http)
2021-06-24 06:18:51 [main] INFO  o.a.coyote.http11.Http11NioProtocol - Initializing ProtocolHandler ["http-nio-8888"]
2021-06-24 06:18:51 [main] INFO  o.a.catalina.core.StandardService - Starting service [Tomcat]
2021-06-24 06:18:51 [main] INFO  o.a.catalina.core.StandardEngine - Starting Servlet engine: [Apache Tomcat/9.0.46]
2021-06-24 06:18:51 [main] INFO  o.a.c.c.C.[Tomcat].[localhost].[/] - Initializing Spring embedded WebApplicationContext
2021-06-24 06:18:51 [main] INFO  o.s.b.w.s.c.ServletWebServerApplicationContext - Root WebApplicationContext: initialization completed in 996 ms
2021-06-24 06:18:51 [main] INFO  o.s.s.c.ThreadPoolTaskExecutor - Initializing ExecutorService 'applicationTaskExecutor'
2021-06-24 06:18:51 [main] DEBUG o.s.c.c.s.s.GitCredentialsProviderFactory - No credentials provider required for URI https://github.com/TanayaKarmakar/twitter-to-kafka-config-repo
2021-06-24 06:18:52 [main] WARN  o.s.b.w.s.c.AnnotationConfigServletWebServerApplicationContext - Exception encountered during context initialization - cancelling refresh attempt: org.springframework.beans.factory.BeanCreationException: Error creating bean with name 'compositeCompatibilityVerifier' defined in class path resource [org/springframework/cloud/configuration/CompatibilityVerifierAutoConfiguration.class]: Bean instantiation via factory method failed; nested exception is org.springframework.beans.BeanInstantiationException: Failed to instantiate [org.springframework.cloud.configuration.CompositeCompatibilityVerifier]: Factory method 'compositeCompatibilityVerifier' threw exception; nested exception is org.springframework.cloud.configuration.CompatibilityNotMetException
2021-06-24 06:18:52 [main] INFO  o.s.s.c.ThreadPoolTaskExecutor - Shutting down ExecutorService 'applicationTaskExecutor'
2021-06-24 06:18:52 [main] INFO  o.a.catalina.core.StandardService - Stopping service [Tomcat]
2021-06-24 06:18:52 [main] INFO  o.s.b.a.l.ConditionEvaluationReportLoggingListener - 

Error starting ApplicationContext. To display the conditions report re-run your application with 'debug' enabled.
2021-06-24 06:18:52 [main] ERROR o.s.b.d.LoggingFailureAnalysisReporter - 

***************************
APPLICATION FAILED TO START
***************************

Description:

Your project setup is incompatible with our requirements due to following reasons:

- Spring Boot [2.3.12.RELEASE] is not compatible with this Spring Cloud release train


Action:

Consider applying the following actions:

- Change Spring Boot version to one of the following versions [2.4.x, 2.5.x] .
You can find the latest Spring Boot versions here [https://spring.io/projects/spring-boot#learn]. 
If you want to learn more about the Spring Cloud Release train compatibility, you can visit this page [https://spring.io/projects/spring-cloud#overview] and check the [Release Trains] section.
If you want to disable this check, just set the property [spring.cloud.compatibility-verifier.enabled=false]


2021-06-24 06:21:05 [main] INFO  c.app.t2k.config.server.ConfigServer - Starting ConfigServer on Tanayas-MacBook-Pro.local with PID 14788 (/Users/t0k02w6/Documents/personal/Java/event-driven-microservice/twitter-to-kafka-config-server/target/classes started by t0k02w6 in /Users/t0k02w6/Documents/personal/Java/event-driven-microservice)
2021-06-24 06:21:05 [main] INFO  c.app.t2k.config.server.ConfigServer - No active profile set, falling back to default profiles: default
2021-06-24 06:21:05 [background-preinit] INFO  o.h.validator.internal.util.Version - HV000001: Hibernate Validator 6.1.7.Final
2021-06-24 06:21:05 [background-preinit] WARN  o.s.h.c.j.Jackson2ObjectMapperBuilder - For Jackson Kotlin classes support please add "com.fasterxml.jackson.module:jackson-module-kotlin" to the classpath
2021-06-24 06:21:06 [main] INFO  o.s.cloud.context.scope.GenericScope - BeanFactory id=6abe3e2a-f458-3b6f-a7bc-63eef3518f5e
2021-06-24 06:21:06 [main] INFO  o.s.b.w.e.tomcat.TomcatWebServer - Tomcat initialized with port(s): 8888 (http)
2021-06-24 06:21:06 [main] INFO  o.a.coyote.http11.Http11NioProtocol - Initializing ProtocolHandler ["http-nio-8888"]
2021-06-24 06:21:06 [main] INFO  o.a.catalina.core.StandardService - Starting service [Tomcat]
2021-06-24 06:21:06 [main] INFO  o.a.catalina.core.StandardEngine - Starting Servlet engine: [Apache Tomcat/9.0.46]
2021-06-24 06:21:06 [main] INFO  o.a.c.c.C.[Tomcat].[localhost].[/] - Initializing Spring embedded WebApplicationContext
2021-06-24 06:21:06 [main] INFO  o.s.b.w.s.c.ServletWebServerApplicationContext - Root WebApplicationContext: initialization completed in 1051 ms
2021-06-24 06:21:06 [main] INFO  o.s.s.c.ThreadPoolTaskExecutor - Initializing ExecutorService 'applicationTaskExecutor'
2021-06-24 06:21:07 [main] DEBUG o.s.c.c.s.s.GitCredentialsProviderFactory - No credentials provider required for URI https://github.com/TanayaKarmakar/twitter-to-kafka-config-repo
2021-06-24 06:21:08 [main] WARN  o.s.b.w.s.c.AnnotationConfigServletWebServerApplicationContext - Exception encountered during context initialization - cancelling refresh attempt: org.springframework.beans.factory.BeanCreationException: Error creating bean with name 'compositeCompatibilityVerifier' defined in class path resource [org/springframework/cloud/configuration/CompatibilityVerifierAutoConfiguration.class]: Bean instantiation via factory method failed; nested exception is org.springframework.beans.BeanInstantiationException: Failed to instantiate [org.springframework.cloud.configuration.CompositeCompatibilityVerifier]: Factory method 'compositeCompatibilityVerifier' threw exception; nested exception is org.springframework.cloud.configuration.CompatibilityNotMetException
2021-06-24 06:21:08 [main] INFO  o.s.s.c.ThreadPoolTaskExecutor - Shutting down ExecutorService 'applicationTaskExecutor'
2021-06-24 06:21:08 [main] INFO  o.a.catalina.core.StandardService - Stopping service [Tomcat]
2021-06-24 06:21:08 [main] INFO  o.s.b.a.l.ConditionEvaluationReportLoggingListener - 

Error starting ApplicationContext. To display the conditions report re-run your application with 'debug' enabled.
2021-06-24 06:21:08 [main] ERROR o.s.b.d.LoggingFailureAnalysisReporter - 

***************************
APPLICATION FAILED TO START
***************************

Description:

Your project setup is incompatible with our requirements due to following reasons:

- Spring Boot [2.3.12.RELEASE] is not compatible with this Spring Cloud release train


Action:

Consider applying the following actions:

- Change Spring Boot version to one of the following versions [2.4.x, 2.5.x] .
You can find the latest Spring Boot versions here [https://spring.io/projects/spring-boot#learn]. 
If you want to learn more about the Spring Cloud Release train compatibility, you can visit this page [https://spring.io/projects/spring-cloud#overview] and check the [Release Trains] section.
If you want to disable this check, just set the property [spring.cloud.compatibility-verifier.enabled=false]


2021-06-24 06:37:36 [background-preinit] INFO  o.h.validator.internal.util.Version - HV000001: Hibernate Validator 6.2.0.Final
2021-06-24 06:37:36 [main] INFO  c.app.t2k.config.server.ConfigServer - Starting ConfigServer using Java 11.0.11 on Tanayas-MacBook-Pro.local with PID 42424 (/Users/t0k02w6/Documents/personal/Java/event-driven-microservice/twitter-to-kafka-config-server/target/classes started by t0k02w6 in /Users/t0k02w6/Documents/personal/Java/event-driven-microservice)
2021-06-24 06:37:36 [main] INFO  c.app.t2k.config.server.ConfigServer - No active profile set, falling back to default profiles: default
2021-06-24 06:37:37 [main] INFO  o.s.cloud.context.scope.GenericScope - BeanFactory id=25c36334-0b0f-3174-850e-88d9711aaaf6
2021-06-24 06:37:37 [main] INFO  o.s.b.w.e.tomcat.TomcatWebServer - Tomcat initialized with port(s): 8888 (http)
2021-06-24 06:37:37 [main] INFO  o.a.coyote.http11.Http11NioProtocol - Initializing ProtocolHandler ["http-nio-8888"]
2021-06-24 06:37:37 [main] INFO  o.a.catalina.core.StandardService - Starting service [Tomcat]
2021-06-24 06:37:37 [main] INFO  o.a.catalina.core.StandardEngine - Starting Servlet engine: [Apache Tomcat/9.0.46]
2021-06-24 06:37:37 [main] INFO  o.a.c.c.C.[Tomcat].[localhost].[/] - Initializing Spring embedded WebApplicationContext
2021-06-24 06:37:37 [main] INFO  o.s.b.w.s.c.ServletWebServerApplicationContext - Root WebApplicationContext: initialization completed in 1158 ms
2021-06-24 06:37:38 [main] INFO  o.s.b.a.s.s.UserDetailsServiceAutoConfiguration - 

Using generated security password: 89905d6c-c3c0-47a9-9be8-9c97ab5c5b26

2021-06-24 06:37:38 [main] INFO  o.s.s.web.DefaultSecurityFilterChain - Will secure any request with [org.springframework.security.web.context.request.async.WebAsyncManagerIntegrationFilter@221ca495, org.springframework.security.web.context.SecurityContextPersistenceFilter@7b3cbe6e, org.springframework.security.web.header.HeaderWriterFilter@4bf4680c, org.springframework.security.web.csrf.CsrfFilter@5fb8dc01, org.springframework.security.web.authentication.logout.LogoutFilter@4af7dd6a, org.springframework.security.web.authentication.UsernamePasswordAuthenticationFilter@7cc2c551, org.springframework.security.web.authentication.ui.DefaultLoginPageGeneratingFilter@4607d78b, org.springframework.security.web.authentication.ui.DefaultLogoutPageGeneratingFilter@119d4443, org.springframework.security.web.authentication.www.BasicAuthenticationFilter@3ccb12d, org.springframework.security.web.savedrequest.RequestCacheAwareFilter@17176b18, org.springframework.security.web.servletapi.SecurityContextHolderAwareRequestFilter@57b9389f, org.springframework.security.web.authentication.AnonymousAuthenticationFilter@773eca84, org.springframework.security.web.session.SessionManagementFilter@611c3eae, org.springframework.security.web.access.ExceptionTranslationFilter@55421b8d, org.springframework.security.web.access.intercept.FilterSecurityInterceptor@11e17893]
2021-06-24 06:37:38 [main] DEBUG o.s.c.c.s.s.GitCredentialsProviderFactory - No credentials provider required for URI https://github.com/TanayaKarmakar/twitter-to-kafka-config-repo
2021-06-24 06:37:40 [main] INFO  o.a.coyote.http11.Http11NioProtocol - Starting ProtocolHandler ["http-nio-8888"]
2021-06-24 06:37:40 [main] INFO  o.s.b.w.e.tomcat.TomcatWebServer - Tomcat started on port(s): 8888 (http) with context path ''
2021-06-24 06:37:40 [main] INFO  c.app.t2k.config.server.ConfigServer - Started ConfigServer in 4.736 seconds (JVM running for 5.709)
